{"C:\\Users\\KusmithaRaj\\source\\repos\\EmployeeDirectoryApp-Frontend\\src\\App.tsx": {"path":"C:\\Users\\KusmithaRaj\\source\\repos\\EmployeeDirectoryApp-Frontend\\src\\App.tsx","statementMap":{"0":{"start":{"line":14,"column":0},"end":{"line":14,"column":24}},"1":{"start":{"line":1,"column":0},"end":{"line":1,"column":59}},"2":{"start":{"line":2,"column":0},"end":{"line":2,"column":57}},"3":{"start":{"line":3,"column":0},"end":{"line":3,"column":34}},"4":{"start":{"line":4,"column":0},"end":{"line":4,"column":42}},"5":{"start":{"line":5,"column":0},"end":{"line":5,"column":58}},"6":{"start":{"line":6,"column":0},"end":{"line":6,"column":64}},"7":{"start":{"line":7,"column":0},"end":{"line":7,"column":64}},"8":{"start":{"line":8,"column":0},"end":{"line":8,"column":41}},"9":{"start":{"line":11,"column":0},"end":{"line":11,"column":48}},"10":{"start":{"line":12,"column":0},"end":{"line":12,"column":47}},"11":{"start":{"line":15,"column":2},"end":{"line":67,"column":4}}},"fnMap":{"0":{"name":"App","decl":{"start":{"line":14,"column":24},"end":{"line":14,"column":27}},"loc":{"start":{"line":14,"column":27},"end":{"line":68,"column":1}}}},"branchMap":{},"s":{"0":1,"1":1,"2":1,"3":1,"4":1,"5":1,"6":1,"7":1,"8":1,"9":1,"10":1,"11":1},"f":{"0":1},"b":{}}
,"C:\\Users\\KusmithaRaj\\source\\repos\\EmployeeDirectoryApp-Frontend\\src\\test-utils.tsx": {"path":"C:\\Users\\KusmithaRaj\\source\\repos\\EmployeeDirectoryApp-Frontend\\src\\test-utils.tsx","statementMap":{"0":{"start":{"line":6,"column":0},"end":{"line":6,"column":16}},"1":{"start":{"line":2,"column":0},"end":{"line":2,"column":48}},"2":{"start":{"line":3,"column":0},"end":{"line":3,"column":48}},"3":{"start":{"line":4,"column":0},"end":{"line":4,"column":53}},"4":{"start":{"line":10,"column":2},"end":{"line":10,"column":51}},"5":{"start":{"line":12,"column":2},"end":{"line":16,"column":4}}},"fnMap":{"0":{"name":"renderWithProviders","decl":{"start":{"line":6,"column":16},"end":{"line":6,"column":35}},"loc":{"start":{"line":8,"column":22},"end":{"line":17,"column":1}}}},"branchMap":{"0":{"loc":{"start":{"line":8,"column":2},"end":{"line":8,"column":22}},"type":"default-arg","locations":[{"start":{"line":8,"column":20},"end":{"line":8,"column":22}}]},"1":{"loc":{"start":{"line":8,"column":4},"end":{"line":8,"column":15}},"type":"default-arg","locations":[{"start":{"line":8,"column":12},"end":{"line":8,"column":15}}]}},"s":{"0":3,"1":3,"2":3,"3":3,"4":6,"5":6},"f":{"0":6},"b":{"0":[6],"1":[6]}}
,"C:\\Users\\KusmithaRaj\\source\\repos\\EmployeeDirectoryApp-Frontend\\src\\api\\axios.ts": {"path":"C:\\Users\\KusmithaRaj\\source\\repos\\EmployeeDirectoryApp-Frontend\\src\\api\\axios.ts","statementMap":{"0":{"start":{"line":2,"column":0},"end":{"line":2,"column":26}},"1":{"start":{"line":14,"column":12},"end":{"line":17,"column":2}},"2":{"start":{"line":19,"column":0},"end":{"line":33,"column":3}},"3":{"start":{"line":20,"column":2},"end":{"line":31,"column":3}},"4":{"start":{"line":21,"column":19},"end":{"line":21,"column":51}},"5":{"start":{"line":22,"column":4},"end":{"line":29,"column":5}},"6":{"start":{"line":23,"column":21},"end":{"line":23,"column":39}},"7":{"start":{"line":24,"column":20},"end":{"line":24,"column":33}},"8":{"start":{"line":25,"column":6},"end":{"line":28,"column":7}},"9":{"start":{"line":26,"column":8},"end":{"line":26,"column":90}},"10":{"start":{"line":26,"column":29},"end":{"line":26,"column":90}},"11":{"start":{"line":27,"column":9},"end":{"line":27,"column":69}},"12":{"start":{"line":32,"column":2},"end":{"line":32,"column":16}},"13":{"start":{"line":35,"column":19},"end":{"line":35,"column":24}},"14":{"start":{"line":36,"column":38},"end":{"line":36,"column":40}},"15":{"start":{"line":38,"column":21},"end":{"line":44,"column":1}},"16":{"start":{"line":39,"column":2},"end":{"line":42,"column":5}},"17":{"start":{"line":40,"column":4},"end":{"line":41,"column":36}},"18":{"start":{"line":40,"column":15},"end":{"line":40,"column":31}},"19":{"start":{"line":41,"column":9},"end":{"line":41,"column":36}},"20":{"start":{"line":43,"column":2},"end":{"line":43,"column":19}},"21":{"start":{"line":45,"column":0},"end":{"line":103,"column":2}},"22":{"start":{"line":46,"column":31},"end":{"line":46,"column":39}},"23":{"start":{"line":47,"column":70},"end":{"line":102,"column":null}},"24":{"start":{"line":48,"column":28},"end":{"line":48,"column":38}},"25":{"start":{"line":49,"column":4},"end":{"line":49,"column":53}},"26":{"start":{"line":49,"column":26},"end":{"line":49,"column":53}},"27":{"start":{"line":51,"column":19},"end":{"line":51,"column":39}},"28":{"start":{"line":53,"column":4},"end":{"line":99,"column":5}},"29":{"start":{"line":54,"column":7},"end":{"line":54,"column":45}},"30":{"start":{"line":56,"column":6},"end":{"line":64,"column":7}},"31":{"start":{"line":57,"column":8},"end":{"line":63,"column":11}},"32":{"start":{"line":58,"column":10},"end":{"line":58,"column":48}},"33":{"start":{"line":60,"column":10},"end":{"line":60,"column":109}},"34":{"start":{"line":61,"column":11},"end":{"line":61,"column":80}},"35":{"start":{"line":62,"column":10},"end":{"line":62,"column":38}},"36":{"start":{"line":66,"column":6},"end":{"line":66,"column":26}},"37":{"start":{"line":68,"column":6},"end":{"line":98,"column":7}},"38":{"start":{"line":69,"column":32},"end":{"line":69,"column":67}},"39":{"start":{"line":70,"column":25},"end":{"line":70,"column":61}},"40":{"start":{"line":71,"column":8},"end":{"line":71,"column":77}},"41":{"start":{"line":71,"column":23},"end":{"line":71,"column":77}},"42":{"start":{"line":74,"column":8},"end":{"line":83,"column":18}},"43":{"start":{"line":75,"column":25},"end":{"line":75,"column":57}},"44":{"start":{"line":76,"column":10},"end":{"line":82,"column":11}},"45":{"start":{"line":77,"column":27},"end":{"line":77,"column":45}},"46":{"start":{"line":78,"column":12},"end":{"line":78,"column":36}},"47":{"start":{"line":79,"column":12},"end":{"line":79,"column":69}},"48":{"start":{"line":81,"column":12},"end":{"line":81,"column":52}},"49":{"start":{"line":85,"column":8},"end":{"line":85,"column":37}},"50":{"start":{"line":87,"column":8},"end":{"line":87,"column":107}},"51":{"start":{"line":88,"column":9},"end":{"line":88,"column":81}},"52":{"start":{"line":90,"column":8},"end":{"line":90,"column":36}},"53":{"start":{"line":92,"column":8},"end":{"line":92,"column":41}},"54":{"start":{"line":93,"column":8},"end":{"line":93,"column":95}},"55":{"start":{"line":93,"column":14},"end":{"line":93,"column":50}},"56":{"start":{"line":93,"column":51},"end":{"line":93,"column":84}},"57":{"start":{"line":94,"column":8},"end":{"line":94,"column":40}},"58":{"start":{"line":95,"column":8},"end":{"line":95,"column":44}},"59":{"start":{"line":97,"column":8},"end":{"line":97,"column":29}},"60":{"start":{"line":101,"column":4},"end":{"line":101,"column":31}},"61":{"start":{"line":105,"column":0},"end":{"line":105,"column":19}}},"fnMap":{"0":{"name":"(anonymous_8)","decl":{"start":{"line":19,"column":29},"end":{"line":19,"column":30}},"loc":{"start":{"line":19,"column":68},"end":{"line":33,"column":1}}},"1":{"name":"(anonymous_9)","decl":{"start":{"line":38,"column":21},"end":{"line":38,"column":22}},"loc":{"start":{"line":38,"column":65},"end":{"line":44,"column":1}}},"2":{"name":"(anonymous_10)","decl":{"start":{"line":39,"column":22},"end":{"line":39,"column":23}},"loc":{"start":{"line":39,"column":28},"end":{"line":42,"column":3}}},"3":{"name":"(anonymous_11)","decl":{"start":{"line":46,"column":2},"end":{"line":46,"column":3}},"loc":{"start":{"line":46,"column":31},"end":{"line":46,"column":39}}},"4":{"name":"(anonymous_12)","decl":{"start":{"line":47,"column":2},"end":{"line":47,"column":9}},"loc":{"start":{"line":47,"column":70},"end":{"line":102,"column":null}}},"5":{"name":"(anonymous_13)","decl":{"start":{"line":47,"column":70},"end":{"line":47,"column":null}},"loc":{"start":{"line":47,"column":70},"end":{"line":102,"column":3}}},"6":{"name":"(anonymous_14)","decl":{"start":{"line":57,"column":35},"end":{"line":57,"column":36}},"loc":{"start":{"line":57,"column":55},"end":{"line":59,"column":9}}},"7":{"name":"(anonymous_15)","decl":{"start":{"line":59,"column":16},"end":{"line":59,"column":17}},"loc":{"start":{"line":59,"column":26},"end":{"line":63,"column":9}}}},"branchMap":{"0":{"loc":{"start":{"line":22,"column":4},"end":{"line":29,"column":5}},"type":"if","locations":[{"start":{"line":22,"column":4},"end":{"line":29,"column":5}},{"start":{},"end":{}}]},"1":{"loc":{"start":{"line":24,"column":20},"end":{"line":24,"column":33}},"type":"cond-expr","locations":[{"start":{"line":24,"column":26},"end":{"line":24,"column":28}},{"start":{"line":24,"column":20},"end":{"line":24,"column":33}}]},"2":{"loc":{"start":{"line":24,"column":20},"end":{"line":24,"column":28}},"type":"binary-expr","locations":[{"start":{"line":24,"column":20},"end":{"line":24,"column":28}},{"start":{"line":24,"column":20},"end":{"line":24,"column":28}}]},"3":{"loc":{"start":{"line":25,"column":6},"end":{"line":28,"column":7}},"type":"if","locations":[{"start":{"line":25,"column":6},"end":{"line":28,"column":7}},{"start":{},"end":{}}]},"4":{"loc":{"start":{"line":26,"column":8},"end":{"line":26,"column":90}},"type":"if","locations":[{"start":{"line":26,"column":8},"end":{"line":26,"column":90}},{"start":{},"end":{}}]},"5":{"loc":{"start":{"line":38,"column":34},"end":{"line":38,"column":61}},"type":"default-arg","locations":[{"start":{"line":38,"column":57},"end":{"line":38,"column":61}}]},"6":{"loc":{"start":{"line":40,"column":4},"end":{"line":41,"column":36}},"type":"if","locations":[{"start":{"line":40,"column":4},"end":{"line":41,"column":36}},{"start":{"line":41,"column":9},"end":{"line":41,"column":36}}]},"7":{"loc":{"start":{"line":49,"column":4},"end":{"line":49,"column":53}},"type":"if","locations":[{"start":{"line":49,"column":4},"end":{"line":49,"column":53}},{"start":{},"end":{}}]},"8":{"loc":{"start":{"line":51,"column":19},"end":{"line":51,"column":39}},"type":"cond-expr","locations":[{"start":{"line":51,"column":31},"end":{"line":51,"column":33}},{"start":{"line":51,"column":31},"end":{"line":51,"column":39}}]},"9":{"loc":{"start":{"line":51,"column":19},"end":{"line":51,"column":33}},"type":"binary-expr","locations":[{"start":{"line":51,"column":19},"end":{"line":51,"column":33}},{"start":{"line":51,"column":31},"end":{"line":51,"column":33}}]},"10":{"loc":{"start":{"line":53,"column":4},"end":{"line":99,"column":5}},"type":"if","locations":[{"start":{"line":53,"column":4},"end":{"line":99,"column":5}},{"start":{},"end":{}}]},"11":{"loc":{"start":{"line":53,"column":8},"end":{"line":53,"column":58}},"type":"binary-expr","locations":[{"start":{"line":53,"column":8},"end":{"line":53,"column":22}},{"start":{"line":53,"column":26},"end":{"line":53,"column":58}}]},"12":{"loc":{"start":{"line":56,"column":6},"end":{"line":64,"column":7}},"type":"if","locations":[{"start":{"line":56,"column":6},"end":{"line":64,"column":7}},{"start":{},"end":{}}]},"13":{"loc":{"start":{"line":60,"column":36},"end":{"line":60,"column":108}},"type":"cond-expr","locations":[{"start":{"line":60,"column":59},"end":{"line":60,"column":64}},{"start":{"line":60,"column":64},"end":{"line":60,"column":108}}]},"14":{"loc":{"start":{"line":60,"column":36},"end":{"line":60,"column":64}},"type":"binary-expr","locations":[{"start":{"line":60,"column":36},"end":{"line":60,"column":64}},{"start":{"line":60,"column":59},"end":{"line":60,"column":64}}]},"15":{"loc":{"start":{"line":70,"column":25},"end":{"line":70,"column":61}},"type":"cond-expr","locations":[{"start":{"line":70,"column":54},"end":{"line":70,"column":56}},{"start":{"line":70,"column":54},"end":{"line":70,"column":61}}]},"16":{"loc":{"start":{"line":70,"column":25},"end":{"line":70,"column":56}},"type":"binary-expr","locations":[{"start":{"line":70,"column":25},"end":{"line":70,"column":56}},{"start":{"line":70,"column":54},"end":{"line":70,"column":56}}]},"17":{"loc":{"start":{"line":71,"column":8},"end":{"line":71,"column":77}},"type":"if","locations":[{"start":{"line":71,"column":8},"end":{"line":71,"column":77}},{"start":{},"end":{}}]},"18":{"loc":{"start":{"line":76,"column":10},"end":{"line":82,"column":11}},"type":"if","locations":[{"start":{"line":76,"column":10},"end":{"line":82,"column":11}},{"start":{"line":80,"column":17},"end":{"line":82,"column":11}}]},"19":{"loc":{"start":{"line":87,"column":34},"end":{"line":87,"column":106}},"type":"cond-expr","locations":[{"start":{"line":87,"column":57},"end":{"line":87,"column":62}},{"start":{"line":87,"column":62},"end":{"line":87,"column":106}}]},"20":{"loc":{"start":{"line":87,"column":34},"end":{"line":87,"column":62}},"type":"binary-expr","locations":[{"start":{"line":87,"column":34},"end":{"line":87,"column":62}},{"start":{"line":87,"column":57},"end":{"line":87,"column":62}}]}},"s":{"0":8,"1":8,"2":8,"3":3,"4":3,"5":3,"6":0,"7":0,"8":0,"9":0,"10":0,"11":0,"12":3,"13":8,"14":8,"15":8,"16":0,"17":0,"18":0,"19":0,"20":0,"21":8,"22":0,"23":0,"24":0,"25":0,"26":0,"27":0,"28":0,"29":0,"30":0,"31":0,"32":0,"33":0,"34":0,"35":0,"36":0,"37":0,"38":0,"39":0,"40":0,"41":0,"42":0,"43":0,"44":0,"45":0,"46":0,"47":0,"48":0,"49":0,"50":0,"51":0,"52":0,"53":0,"54":0,"55":0,"56":0,"57":0,"58":0,"59":0,"60":0,"61":8},"f":{"0":3,"1":0,"2":0,"3":0,"4":0,"5":0,"6":0,"7":0},"b":{"0":[0,3],"1":[0,0],"2":[0,0],"3":[0,0],"4":[0,0],"5":[0],"6":[0,0],"7":[0,0],"8":[0,0],"9":[0,0],"10":[0,0],"11":[0,0],"12":[0,0],"13":[0,0],"14":[0,0],"15":[0,0],"16":[0,0],"17":[0,0],"18":[0,0],"19":[0,0],"20":[0,0]}}
,"C:\\Users\\KusmithaRaj\\source\\repos\\EmployeeDirectoryApp-Frontend\\src\\api\\departmentApi.ts": {"path":"C:\\Users\\KusmithaRaj\\source\\repos\\EmployeeDirectoryApp-Frontend\\src\\api\\departmentApi.ts","statementMap":{"0":{"start":{"line":29,"column":0},"end":{"line":29,"column":22}},"1":{"start":{"line":34,"column":0},"end":{"line":34,"column":22}},"2":{"start":{"line":39,"column":0},"end":{"line":39,"column":22}},"3":{"start":{"line":45,"column":0},"end":{"line":45,"column":22}},"4":{"start":{"line":51,"column":0},"end":{"line":51,"column":22}},"5":{"start":{"line":2,"column":0},"end":{"line":2,"column":26}},"6":{"start":{"line":18,"column":2},"end":{"line":21,"column":4}},"7":{"start":{"line":24,"column":2},"end":{"line":26,"column":4}},"8":{"start":{"line":30,"column":19},"end":{"line":30,"column":72}},"9":{"start":{"line":31,"column":2},"end":{"line":31,"column":30}},"10":{"start":{"line":35,"column":19},"end":{"line":35,"column":76}},"11":{"start":{"line":36,"column":2},"end":{"line":36,"column":26}},"12":{"start":{"line":40,"column":25},"end":{"line":40,"column":49}},"13":{"start":{"line":41,"column":19},"end":{"line":41,"column":87}},"14":{"start":{"line":42,"column":2},"end":{"line":42,"column":26}},"15":{"start":{"line":46,"column":25},"end":{"line":46,"column":49}},"16":{"start":{"line":47,"column":19},"end":{"line":47,"column":92}},"17":{"start":{"line":48,"column":2},"end":{"line":48,"column":26}},"18":{"start":{"line":52,"column":2},"end":{"line":52,"column":44}}},"fnMap":{"0":{"name":"mapBackend","decl":{"start":{"line":17,"column":9},"end":{"line":17,"column":19}},"loc":{"start":{"line":17,"column":40},"end":{"line":22,"column":1}}},"1":{"name":"mapCreateUpdate","decl":{"start":{"line":23,"column":9},"end":{"line":23,"column":24}},"loc":{"start":{"line":23,"column":50},"end":{"line":27,"column":1}}},"2":{"name":"getDepartments","decl":{"start":{"line":29,"column":22},"end":{"line":29,"column":36}},"loc":{"start":{"line":29,"column":36},"end":{"line":32,"column":null}}},"3":{"name":"getDepartmentById","decl":{"start":{"line":34,"column":22},"end":{"line":34,"column":39}},"loc":{"start":{"line":34,"column":50},"end":{"line":37,"column":null}}},"4":{"name":"createDepartment","decl":{"start":{"line":39,"column":22},"end":{"line":39,"column":38}},"loc":{"start":{"line":39,"column":64},"end":{"line":43,"column":null}}},"5":{"name":"updateDepartment","decl":{"start":{"line":45,"column":22},"end":{"line":45,"column":38}},"loc":{"start":{"line":45,"column":76},"end":{"line":49,"column":null}}},"6":{"name":"deleteDepartment","decl":{"start":{"line":51,"column":22},"end":{"line":51,"column":38}},"loc":{"start":{"line":51,"column":49},"end":{"line":53,"column":null}}}},"branchMap":{"0":{"loc":{"start":{"line":19,"column":8},"end":{"line":19,"column":53}},"type":"cond-expr","locations":[{"start":{"line":19,"column":48},"end":{"line":19,"column":52}},{"start":{"line":19,"column":52},"end":{"line":19,"column":53}}]},"1":{"loc":{"start":{"line":19,"column":8},"end":{"line":19,"column":52}},"type":"binary-expr","locations":[{"start":{"line":19,"column":8},"end":{"line":19,"column":52}},{"start":{"line":19,"column":48},"end":{"line":19,"column":52}}]},"2":{"loc":{"start":{"line":19,"column":8},"end":{"line":19,"column":48}},"type":"cond-expr","locations":[{"start":{"line":19,"column":40},"end":{"line":19,"column":44}},{"start":{"line":19,"column":44},"end":{"line":19,"column":48}}]},"3":{"loc":{"start":{"line":19,"column":8},"end":{"line":19,"column":44}},"type":"binary-expr","locations":[{"start":{"line":19,"column":8},"end":{"line":19,"column":44}},{"start":{"line":19,"column":40},"end":{"line":19,"column":44}}]},"4":{"loc":{"start":{"line":19,"column":8},"end":{"line":19,"column":40}},"type":"cond-expr","locations":[{"start":{"line":19,"column":22},"end":{"line":19,"column":26}},{"start":{"line":19,"column":26},"end":{"line":19,"column":40}}]},"5":{"loc":{"start":{"line":19,"column":8},"end":{"line":19,"column":26}},"type":"binary-expr","locations":[{"start":{"line":19,"column":8},"end":{"line":19,"column":26}},{"start":{"line":19,"column":22},"end":{"line":19,"column":26}}]},"6":{"loc":{"start":{"line":20,"column":10},"end":{"line":20,"column":32}},"type":"cond-expr","locations":[{"start":{"line":20,"column":26},"end":{"line":20,"column":30}},{"start":{"line":20,"column":30},"end":{"line":20,"column":32}}]},"7":{"loc":{"start":{"line":20,"column":10},"end":{"line":20,"column":30}},"type":"binary-expr","locations":[{"start":{"line":20,"column":10},"end":{"line":20,"column":30}},{"start":{"line":20,"column":26},"end":{"line":20,"column":30}}]},"8":{"loc":{"start":{"line":20,"column":10},"end":{"line":20,"column":26}},"type":"cond-expr","locations":[{"start":{"line":20,"column":16},"end":{"line":20,"column":20}},{"start":{"line":20,"column":20},"end":{"line":20,"column":26}}]},"9":{"loc":{"start":{"line":20,"column":10},"end":{"line":20,"column":20}},"type":"binary-expr","locations":[{"start":{"line":20,"column":10},"end":{"line":20,"column":20}},{"start":{"line":20,"column":16},"end":{"line":20,"column":20}}]}},"s":{"0":5,"1":5,"2":5,"3":5,"4":5,"5":5,"6":0,"7":0,"8":2,"9":0,"10":0,"11":0,"12":0,"13":0,"14":0,"15":0,"16":0,"17":0,"18":0},"f":{"0":0,"1":0,"2":2,"3":0,"4":0,"5":0,"6":0},"b":{"0":[0,0],"1":[0,0],"2":[0,0],"3":[0,0],"4":[0,0],"5":[0,0],"6":[0,0],"7":[0,0],"8":[0,0],"9":[0,0]}}
,"C:\\Users\\KusmithaRaj\\source\\repos\\EmployeeDirectoryApp-Frontend\\src\\api\\employeeApi.ts": {"path":"C:\\Users\\KusmithaRaj\\source\\repos\\EmployeeDirectoryApp-Frontend\\src\\api\\employeeApi.ts","statementMap":{"0":{"start":{"line":50,"column":0},"end":{"line":50,"column":22}},"1":{"start":{"line":57,"column":0},"end":{"line":57,"column":22}},"2":{"start":{"line":62,"column":0},"end":{"line":62,"column":22}},"3":{"start":{"line":84,"column":0},"end":{"line":84,"column":22}},"4":{"start":{"line":109,"column":0},"end":{"line":109,"column":22}},"5":{"start":{"line":2,"column":0},"end":{"line":2,"column":26}},"6":{"start":{"line":21,"column":13},"end":{"line":21,"column":54}},"7":{"start":{"line":25,"column":16},"end":{"line":25,"column":95}},"8":{"start":{"line":26,"column":16},"end":{"line":26,"column":95}},"9":{"start":{"line":28,"column":24},"end":{"line":28,"column":72}},"10":{"start":{"line":29,"column":19},"end":{"line":29,"column":63}},"11":{"start":{"line":30,"column":20},"end":{"line":30,"column":78}},"12":{"start":{"line":33,"column":16},"end":{"line":33,"column":81}},"13":{"start":{"line":35,"column":2},"end":{"line":47,"column":4}},"14":{"start":{"line":51,"column":15},"end":{"line":51,"column":64}},"15":{"start":{"line":54,"column":2},"end":{"line":54,"column":53}},"16":{"start":{"line":58,"column":15},"end":{"line":58,"column":68}},"17":{"start":{"line":59,"column":2},"end":{"line":59,"column":47}},"18":{"start":{"line":71,"column":15},"end":{"line":79,"column":4}},"19":{"start":{"line":80,"column":15},"end":{"line":80,"column":60}},"20":{"start":{"line":81,"column":2},"end":{"line":81,"column":61}},"21":{"start":{"line":96,"column":20},"end":{"line":96,"column":22}},"22":{"start":{"line":97,"column":2},"end":{"line":97,"column":74}},"23":{"start":{"line":97,"column":39},"end":{"line":97,"column":74}},"24":{"start":{"line":98,"column":2},"end":{"line":98,"column":71}},"25":{"start":{"line":98,"column":38},"end":{"line":98,"column":71}},"26":{"start":{"line":99,"column":2},"end":{"line":99,"column":62}},"27":{"start":{"line":99,"column":35},"end":{"line":99,"column":62}},"28":{"start":{"line":100,"column":2},"end":{"line":100,"column":64}},"29":{"start":{"line":100,"column":35},"end":{"line":100,"column":64}},"30":{"start":{"line":101,"column":2},"end":{"line":101,"column":83}},"31":{"start":{"line":101,"column":42},"end":{"line":101,"column":83}},"32":{"start":{"line":102,"column":2},"end":{"line":102,"column":68}},"33":{"start":{"line":102,"column":37},"end":{"line":102,"column":68}},"34":{"start":{"line":103,"column":2},"end":{"line":103,"column":65}},"35":{"start":{"line":103,"column":36},"end":{"line":103,"column":65}},"36":{"start":{"line":105,"column":15},"end":{"line":105,"column":57}},"37":{"start":{"line":106,"column":2},"end":{"line":106,"column":61}},"38":{"start":{"line":110,"column":2},"end":{"line":110,"column":42}}},"fnMap":{"0":{"name":"mapBackendToFrontend","decl":{"start":{"line":20,"column":9},"end":{"line":20,"column":29}},"loc":{"start":{"line":20,"column":48},"end":{"line":48,"column":1}}},"1":{"name":"getEmployees","decl":{"start":{"line":50,"column":22},"end":{"line":50,"column":34}},"loc":{"start":{"line":50,"column":34},"end":{"line":55,"column":null}}},"2":{"name":"getEmployeeById","decl":{"start":{"line":57,"column":22},"end":{"line":57,"column":37}},"loc":{"start":{"line":57,"column":48},"end":{"line":60,"column":null}}},"3":{"name":"createEmployee","decl":{"start":{"line":62,"column":22},"end":{"line":62,"column":36}},"loc":{"start":{"line":70,"column":1},"end":{"line":82,"column":null}}},"4":{"name":"updateEmployee","decl":{"start":{"line":84,"column":22},"end":{"line":84,"column":36}},"loc":{"start":{"line":94,"column":3},"end":{"line":107,"column":null}}},"5":{"name":"deleteEmployee","decl":{"start":{"line":109,"column":22},"end":{"line":109,"column":36}},"loc":{"start":{"line":109,"column":47},"end":{"line":111,"column":null}}}},"branchMap":{"0":{"loc":{"start":{"line":21,"column":13},"end":{"line":21,"column":54}},"type":"cond-expr","locations":[{"start":{"line":21,"column":49},"end":{"line":21,"column":53}},{"start":{"line":21,"column":53},"end":{"line":21,"column":54}}]},"1":{"loc":{"start":{"line":21,"column":13},"end":{"line":21,"column":53}},"type":"binary-expr","locations":[{"start":{"line":21,"column":13},"end":{"line":21,"column":53}},{"start":{"line":21,"column":49},"end":{"line":21,"column":53}}]},"2":{"loc":{"start":{"line":21,"column":13},"end":{"line":21,"column":49}},"type":"cond-expr","locations":[{"start":{"line":21,"column":41},"end":{"line":21,"column":45}},{"start":{"line":21,"column":45},"end":{"line":21,"column":49}}]},"3":{"loc":{"start":{"line":21,"column":13},"end":{"line":21,"column":45}},"type":"binary-expr","locations":[{"start":{"line":21,"column":13},"end":{"line":21,"column":45}},{"start":{"line":21,"column":41},"end":{"line":21,"column":45}}]},"4":{"loc":{"start":{"line":21,"column":13},"end":{"line":21,"column":41}},"type":"cond-expr","locations":[{"start":{"line":21,"column":25},"end":{"line":21,"column":29}},{"start":{"line":21,"column":29},"end":{"line":21,"column":41}}]},"5":{"loc":{"start":{"line":21,"column":13},"end":{"line":21,"column":29}},"type":"binary-expr","locations":[{"start":{"line":21,"column":13},"end":{"line":21,"column":29}},{"start":{"line":21,"column":25},"end":{"line":21,"column":29}}]},"6":{"loc":{"start":{"line":25,"column":17},"end":{"line":25,"column":76}},"type":"cond-expr","locations":[{"start":{"line":25,"column":70},"end":{"line":25,"column":74}},{"start":{"line":25,"column":74},"end":{"line":25,"column":76}}]},"7":{"loc":{"start":{"line":25,"column":17},"end":{"line":25,"column":74}},"type":"binary-expr","locations":[{"start":{"line":25,"column":17},"end":{"line":25,"column":74}},{"start":{"line":25,"column":70},"end":{"line":25,"column":74}}]},"8":{"loc":{"start":{"line":25,"column":17},"end":{"line":25,"column":70}},"type":"cond-expr","locations":[{"start":{"line":25,"column":55},"end":{"line":25,"column":59}},{"start":{"line":25,"column":59},"end":{"line":25,"column":70}}]},"9":{"loc":{"start":{"line":25,"column":17},"end":{"line":25,"column":59}},"type":"binary-expr","locations":[{"start":{"line":25,"column":17},"end":{"line":25,"column":59}},{"start":{"line":25,"column":55},"end":{"line":25,"column":59}}]},"10":{"loc":{"start":{"line":25,"column":17},"end":{"line":25,"column":55}},"type":"cond-expr","locations":[{"start":{"line":25,"column":44},"end":{"line":25,"column":48}},{"start":{"line":25,"column":48},"end":{"line":25,"column":55}}]},"11":{"loc":{"start":{"line":25,"column":17},"end":{"line":25,"column":48}},"type":"binary-expr","locations":[{"start":{"line":25,"column":17},"end":{"line":25,"column":48}},{"start":{"line":25,"column":44},"end":{"line":25,"column":48}}]},"12":{"loc":{"start":{"line":25,"column":17},"end":{"line":25,"column":44}},"type":"cond-expr","locations":[{"start":{"line":25,"column":28},"end":{"line":25,"column":32}},{"start":{"line":25,"column":32},"end":{"line":25,"column":44}}]},"13":{"loc":{"start":{"line":25,"column":17},"end":{"line":25,"column":32}},"type":"binary-expr","locations":[{"start":{"line":25,"column":17},"end":{"line":25,"column":32}},{"start":{"line":25,"column":28},"end":{"line":25,"column":32}}]},"14":{"loc":{"start":{"line":26,"column":17},"end":{"line":26,"column":76}},"type":"cond-expr","locations":[{"start":{"line":26,"column":69},"end":{"line":26,"column":74}},{"start":{"line":26,"column":74},"end":{"line":26,"column":76}}]},"15":{"loc":{"start":{"line":26,"column":17},"end":{"line":26,"column":74}},"type":"binary-expr","locations":[{"start":{"line":26,"column":17},"end":{"line":26,"column":74}},{"start":{"line":26,"column":69},"end":{"line":26,"column":74}}]},"16":{"loc":{"start":{"line":26,"column":17},"end":{"line":26,"column":69}},"type":"cond-expr","locations":[{"start":{"line":26,"column":54},"end":{"line":26,"column":59}},{"start":{"line":26,"column":59},"end":{"line":26,"column":69}}]},"17":{"loc":{"start":{"line":26,"column":17},"end":{"line":26,"column":59}},"type":"binary-expr","locations":[{"start":{"line":26,"column":17},"end":{"line":26,"column":59}},{"start":{"line":26,"column":54},"end":{"line":26,"column":59}}]},"18":{"loc":{"start":{"line":26,"column":17},"end":{"line":26,"column":54}},"type":"cond-expr","locations":[{"start":{"line":26,"column":43},"end":{"line":26,"column":48}},{"start":{"line":26,"column":48},"end":{"line":26,"column":54}}]},"19":{"loc":{"start":{"line":26,"column":17},"end":{"line":26,"column":48}},"type":"binary-expr","locations":[{"start":{"line":26,"column":17},"end":{"line":26,"column":48}},{"start":{"line":26,"column":43},"end":{"line":26,"column":48}}]},"20":{"loc":{"start":{"line":26,"column":17},"end":{"line":26,"column":43}},"type":"cond-expr","locations":[{"start":{"line":26,"column":27},"end":{"line":26,"column":32}},{"start":{"line":26,"column":32},"end":{"line":26,"column":43}}]},"21":{"loc":{"start":{"line":26,"column":17},"end":{"line":26,"column":32}},"type":"binary-expr","locations":[{"start":{"line":26,"column":17},"end":{"line":26,"column":32}},{"start":{"line":26,"column":27},"end":{"line":26,"column":32}}]},"22":{"loc":{"start":{"line":28,"column":24},"end":{"line":28,"column":72}},"type":"cond-expr","locations":[{"start":{"line":28,"column":42},"end":{"line":28,"column":67}},{"start":{"line":28,"column":70},"end":{"line":28,"column":72}}]},"23":{"loc":{"start":{"line":28,"column":25},"end":{"line":28,"column":38}},"type":"binary-expr","locations":[{"start":{"line":28,"column":25},"end":{"line":28,"column":30}},{"start":{"line":28,"column":34},"end":{"line":28,"column":38}}]},"24":{"loc":{"start":{"line":29,"column":20},"end":{"line":29,"column":44}},"type":"cond-expr","locations":[{"start":{"line":29,"column":38},"end":{"line":29,"column":42}},{"start":{"line":29,"column":42},"end":{"line":29,"column":44}}]},"25":{"loc":{"start":{"line":29,"column":20},"end":{"line":29,"column":42}},"type":"binary-expr","locations":[{"start":{"line":29,"column":20},"end":{"line":29,"column":42}},{"start":{"line":29,"column":38},"end":{"line":29,"column":42}}]},"26":{"loc":{"start":{"line":29,"column":20},"end":{"line":29,"column":38}},"type":"cond-expr","locations":[{"start":{"line":29,"column":27},"end":{"line":29,"column":31}},{"start":{"line":29,"column":31},"end":{"line":29,"column":38}}]},"27":{"loc":{"start":{"line":29,"column":20},"end":{"line":29,"column":31}},"type":"binary-expr","locations":[{"start":{"line":29,"column":20},"end":{"line":29,"column":31}},{"start":{"line":29,"column":27},"end":{"line":29,"column":31}}]},"28":{"loc":{"start":{"line":30,"column":20},"end":{"line":30,"column":78}},"type":"cond-expr","locations":[{"start":{"line":30,"column":45},"end":{"line":30,"column":67}},{"start":{"line":30,"column":70},"end":{"line":30,"column":78}}]},"29":{"loc":{"start":{"line":33,"column":16},"end":{"line":33,"column":81}},"type":"binary-expr","locations":[{"start":{"line":33,"column":16},"end":{"line":33,"column":29}},{"start":{"line":33,"column":33},"end":{"line":33,"column":42}},{"start":{"line":33,"column":47},"end":{"line":33,"column":80}}]},"30":{"loc":{"start":{"line":33,"column":47},"end":{"line":33,"column":80}},"type":"cond-expr","locations":[{"start":{"line":33,"column":52},"end":{"line":33,"column":68}},{"start":{"line":33,"column":71},"end":{"line":33,"column":80}}]},"31":{"loc":{"start":{"line":38,"column":15},"end":{"line":38,"column":33}},"type":"binary-expr","locations":[{"start":{"line":38,"column":15},"end":{"line":38,"column":20}},{"start":{"line":38,"column":24},"end":{"line":38,"column":33}}]},"32":{"loc":{"start":{"line":39,"column":14},"end":{"line":39,"column":31}},"type":"binary-expr","locations":[{"start":{"line":39,"column":14},"end":{"line":39,"column":18}},{"start":{"line":39,"column":22},"end":{"line":39,"column":31}}]},"33":{"loc":{"start":{"line":40,"column":11},"end":{"line":40,"column":42}},"type":"cond-expr","locations":[{"start":{"line":40,"column":29},"end":{"line":40,"column":33}},{"start":{"line":40,"column":33},"end":{"line":40,"column":42}}]},"34":{"loc":{"start":{"line":40,"column":11},"end":{"line":40,"column":33}},"type":"binary-expr","locations":[{"start":{"line":40,"column":11},"end":{"line":40,"column":33}},{"start":{"line":40,"column":29},"end":{"line":40,"column":33}}]},"35":{"loc":{"start":{"line":40,"column":11},"end":{"line":40,"column":29}},"type":"cond-expr","locations":[{"start":{"line":40,"column":18},"end":{"line":40,"column":22}},{"start":{"line":40,"column":22},"end":{"line":40,"column":29}}]},"36":{"loc":{"start":{"line":40,"column":11},"end":{"line":40,"column":22}},"type":"binary-expr","locations":[{"start":{"line":40,"column":11},"end":{"line":40,"column":22}},{"start":{"line":40,"column":18},"end":{"line":40,"column":22}}]},"37":{"loc":{"start":{"line":41,"column":11},"end":{"line":41,"column":68}},"type":"cond-expr","locations":[{"start":{"line":41,"column":55},"end":{"line":41,"column":59}},{"start":{"line":41,"column":59},"end":{"line":41,"column":68}}]},"38":{"loc":{"start":{"line":41,"column":11},"end":{"line":41,"column":59}},"type":"binary-expr","locations":[{"start":{"line":41,"column":11},"end":{"line":41,"column":59}},{"start":{"line":41,"column":55},"end":{"line":41,"column":59}}]},"39":{"loc":{"start":{"line":41,"column":11},"end":{"line":41,"column":55}},"type":"cond-expr","locations":[{"start":{"line":41,"column":44},"end":{"line":41,"column":48}},{"start":{"line":41,"column":48},"end":{"line":41,"column":55}}]},"40":{"loc":{"start":{"line":41,"column":11},"end":{"line":41,"column":48}},"type":"binary-expr","locations":[{"start":{"line":41,"column":11},"end":{"line":41,"column":48}},{"start":{"line":41,"column":44},"end":{"line":41,"column":48}}]},"41":{"loc":{"start":{"line":41,"column":11},"end":{"line":41,"column":44}},"type":"cond-expr","locations":[{"start":{"line":41,"column":33},"end":{"line":41,"column":37}},{"start":{"line":41,"column":37},"end":{"line":41,"column":44}}]},"42":{"loc":{"start":{"line":41,"column":11},"end":{"line":41,"column":37}},"type":"binary-expr","locations":[{"start":{"line":41,"column":11},"end":{"line":41,"column":37}},{"start":{"line":41,"column":33},"end":{"line":41,"column":37}}]},"43":{"loc":{"start":{"line":41,"column":11},"end":{"line":41,"column":33}},"type":"cond-expr","locations":[{"start":{"line":41,"column":20},"end":{"line":41,"column":24}},{"start":{"line":41,"column":24},"end":{"line":41,"column":33}}]},"44":{"loc":{"start":{"line":41,"column":11},"end":{"line":41,"column":24}},"type":"binary-expr","locations":[{"start":{"line":41,"column":11},"end":{"line":41,"column":24}},{"start":{"line":41,"column":20},"end":{"line":41,"column":24}}]},"45":{"loc":{"start":{"line":42,"column":18},"end":{"line":42,"column":63}},"type":"cond-expr","locations":[{"start":{"line":42,"column":50},"end":{"line":42,"column":54}},{"start":{"line":42,"column":54},"end":{"line":42,"column":63}}]},"46":{"loc":{"start":{"line":42,"column":18},"end":{"line":42,"column":54}},"type":"binary-expr","locations":[{"start":{"line":42,"column":18},"end":{"line":42,"column":54}},{"start":{"line":42,"column":50},"end":{"line":42,"column":54}}]},"47":{"loc":{"start":{"line":42,"column":18},"end":{"line":42,"column":50}},"type":"cond-expr","locations":[{"start":{"line":42,"column":32},"end":{"line":42,"column":36}},{"start":{"line":42,"column":36},"end":{"line":42,"column":50}}]},"48":{"loc":{"start":{"line":42,"column":18},"end":{"line":42,"column":36}},"type":"binary-expr","locations":[{"start":{"line":42,"column":18},"end":{"line":42,"column":36}},{"start":{"line":42,"column":32},"end":{"line":42,"column":36}}]},"49":{"loc":{"start":{"line":43,"column":20},"end":{"line":43,"column":69}},"type":"cond-expr","locations":[{"start":{"line":43,"column":56},"end":{"line":43,"column":60}},{"start":{"line":43,"column":60},"end":{"line":43,"column":69}}]},"50":{"loc":{"start":{"line":43,"column":20},"end":{"line":43,"column":60}},"type":"binary-expr","locations":[{"start":{"line":43,"column":20},"end":{"line":43,"column":60}},{"start":{"line":43,"column":56},"end":{"line":43,"column":60}}]},"51":{"loc":{"start":{"line":43,"column":20},"end":{"line":43,"column":56}},"type":"cond-expr","locations":[{"start":{"line":43,"column":36},"end":{"line":43,"column":40}},{"start":{"line":43,"column":40},"end":{"line":43,"column":56}}]},"52":{"loc":{"start":{"line":43,"column":20},"end":{"line":43,"column":40}},"type":"binary-expr","locations":[{"start":{"line":43,"column":20},"end":{"line":43,"column":40}},{"start":{"line":43,"column":36},"end":{"line":43,"column":40}}]},"53":{"loc":{"start":{"line":44,"column":13},"end":{"line":44,"column":48}},"type":"cond-expr","locations":[{"start":{"line":44,"column":35},"end":{"line":44,"column":39}},{"start":{"line":44,"column":39},"end":{"line":44,"column":48}}]},"54":{"loc":{"start":{"line":44,"column":13},"end":{"line":44,"column":39}},"type":"binary-expr","locations":[{"start":{"line":44,"column":13},"end":{"line":44,"column":39}},{"start":{"line":44,"column":35},"end":{"line":44,"column":39}}]},"55":{"loc":{"start":{"line":44,"column":13},"end":{"line":44,"column":35}},"type":"cond-expr","locations":[{"start":{"line":44,"column":22},"end":{"line":44,"column":26}},{"start":{"line":44,"column":26},"end":{"line":44,"column":35}}]},"56":{"loc":{"start":{"line":44,"column":13},"end":{"line":44,"column":26}},"type":"binary-expr","locations":[{"start":{"line":44,"column":13},"end":{"line":44,"column":26}},{"start":{"line":44,"column":22},"end":{"line":44,"column":26}}]},"57":{"loc":{"start":{"line":45,"column":12},"end":{"line":45,"column":45}},"type":"cond-expr","locations":[{"start":{"line":45,"column":32},"end":{"line":45,"column":36}},{"start":{"line":45,"column":36},"end":{"line":45,"column":45}}]},"58":{"loc":{"start":{"line":45,"column":12},"end":{"line":45,"column":36}},"type":"binary-expr","locations":[{"start":{"line":45,"column":12},"end":{"line":45,"column":36}},{"start":{"line":45,"column":32},"end":{"line":45,"column":36}}]},"59":{"loc":{"start":{"line":45,"column":12},"end":{"line":45,"column":32}},"type":"cond-expr","locations":[{"start":{"line":45,"column":20},"end":{"line":45,"column":24}},{"start":{"line":45,"column":24},"end":{"line":45,"column":32}}]},"60":{"loc":{"start":{"line":45,"column":12},"end":{"line":45,"column":24}},"type":"binary-expr","locations":[{"start":{"line":45,"column":12},"end":{"line":45,"column":24}},{"start":{"line":45,"column":20},"end":{"line":45,"column":24}}]},"61":{"loc":{"start":{"line":54,"column":10},"end":{"line":54,"column":25}},"type":"cond-expr","locations":[{"start":{"line":54,"column":19},"end":{"line":54,"column":23}},{"start":{"line":54,"column":23},"end":{"line":54,"column":25}}]},"62":{"loc":{"start":{"line":54,"column":10},"end":{"line":54,"column":23}},"type":"binary-expr","locations":[{"start":{"line":54,"column":10},"end":{"line":54,"column":23}},{"start":{"line":54,"column":19},"end":{"line":54,"column":23}}]},"63":{"loc":{"start":{"line":59,"column":30},"end":{"line":59,"column":45}},"type":"cond-expr","locations":[{"start":{"line":59,"column":39},"end":{"line":59,"column":43}},{"start":{"line":59,"column":43},"end":{"line":59,"column":45}}]},"64":{"loc":{"start":{"line":59,"column":30},"end":{"line":59,"column":43}},"type":"binary-expr","locations":[{"start":{"line":59,"column":30},"end":{"line":59,"column":43}},{"start":{"line":59,"column":39},"end":{"line":59,"column":43}}]},"65":{"loc":{"start":{"line":81,"column":9},"end":{"line":81,"column":60}},"type":"cond-expr","locations":[{"start":{"line":81,"column":22},"end":{"line":81,"column":53}},{"start":{"line":81,"column":56},"end":{"line":81,"column":60}}]},"66":{"loc":{"start":{"line":81,"column":9},"end":{"line":81,"column":19}},"type":"cond-expr","locations":[{"start":{"line":81,"column":13},"end":{"line":81,"column":15}},{"start":{"line":81,"column":9},"end":{"line":81,"column":19}}]},"67":{"loc":{"start":{"line":81,"column":9},"end":{"line":81,"column":15}},"type":"binary-expr","locations":[{"start":{"line":81,"column":9},"end":{"line":81,"column":15}},{"start":{"line":81,"column":9},"end":{"line":81,"column":15}}]},"68":{"loc":{"start":{"line":97,"column":2},"end":{"line":97,"column":74}},"type":"if","locations":[{"start":{"line":97,"column":2},"end":{"line":97,"column":74}},{"start":{},"end":{}}]},"69":{"loc":{"start":{"line":98,"column":2},"end":{"line":98,"column":71}},"type":"if","locations":[{"start":{"line":98,"column":2},"end":{"line":98,"column":71}},{"start":{},"end":{}}]},"70":{"loc":{"start":{"line":99,"column":2},"end":{"line":99,"column":62}},"type":"if","locations":[{"start":{"line":99,"column":2},"end":{"line":99,"column":62}},{"start":{},"end":{}}]},"71":{"loc":{"start":{"line":100,"column":2},"end":{"line":100,"column":64}},"type":"if","locations":[{"start":{"line":100,"column":2},"end":{"line":100,"column":64}},{"start":{},"end":{}}]},"72":{"loc":{"start":{"line":101,"column":2},"end":{"line":101,"column":83}},"type":"if","locations":[{"start":{"line":101,"column":2},"end":{"line":101,"column":83}},{"start":{},"end":{}}]},"73":{"loc":{"start":{"line":102,"column":2},"end":{"line":102,"column":68}},"type":"if","locations":[{"start":{"line":102,"column":2},"end":{"line":102,"column":68}},{"start":{},"end":{}}]},"74":{"loc":{"start":{"line":103,"column":2},"end":{"line":103,"column":65}},"type":"if","locations":[{"start":{"line":103,"column":2},"end":{"line":103,"column":65}},{"start":{},"end":{}}]},"75":{"loc":{"start":{"line":106,"column":9},"end":{"line":106,"column":60}},"type":"cond-expr","locations":[{"start":{"line":106,"column":22},"end":{"line":106,"column":53}},{"start":{"line":106,"column":56},"end":{"line":106,"column":60}}]},"76":{"loc":{"start":{"line":106,"column":9},"end":{"line":106,"column":19}},"type":"cond-expr","locations":[{"start":{"line":106,"column":13},"end":{"line":106,"column":15}},{"start":{"line":106,"column":9},"end":{"line":106,"column":19}}]},"77":{"loc":{"start":{"line":106,"column":9},"end":{"line":106,"column":15}},"type":"binary-expr","locations":[{"start":{"line":106,"column":9},"end":{"line":106,"column":15}},{"start":{"line":106,"column":9},"end":{"line":106,"column":15}}]}},"s":{"0":2,"1":2,"2":2,"3":2,"4":2,"5":2,"6":0,"7":0,"8":0,"9":0,"10":0,"11":0,"12":0,"13":0,"14":0,"15":0,"16":0,"17":0,"18":0,"19":0,"20":0,"21":0,"22":0,"23":0,"24":0,"25":0,"26":0,"27":0,"28":0,"29":0,"30":0,"31":0,"32":0,"33":0,"34":0,"35":0,"36":0,"37":0,"38":0},"f":{"0":0,"1":0,"2":0,"3":0,"4":0,"5":0},"b":{"0":[0,0],"1":[0,0],"2":[0,0],"3":[0,0],"4":[0,0],"5":[0,0],"6":[0,0],"7":[0,0],"8":[0,0],"9":[0,0],"10":[0,0],"11":[0,0],"12":[0,0],"13":[0,0],"14":[0,0],"15":[0,0],"16":[0,0],"17":[0,0],"18":[0,0],"19":[0,0],"20":[0,0],"21":[0,0],"22":[0,0],"23":[0,0],"24":[0,0],"25":[0,0],"26":[0,0],"27":[0,0],"28":[0,0],"29":[0,0,0],"30":[0,0],"31":[0,0],"32":[0,0],"33":[0,0],"34":[0,0],"35":[0,0],"36":[0,0],"37":[0,0],"38":[0,0],"39":[0,0],"40":[0,0],"41":[0,0],"42":[0,0],"43":[0,0],"44":[0,0],"45":[0,0],"46":[0,0],"47":[0,0],"48":[0,0],"49":[0,0],"50":[0,0],"51":[0,0],"52":[0,0],"53":[0,0],"54":[0,0],"55":[0,0],"56":[0,0],"57":[0,0],"58":[0,0],"59":[0,0],"60":[0,0],"61":[0,0],"62":[0,0],"63":[0,0],"64":[0,0],"65":[0,0],"66":[0,0],"67":[0,0],"68":[0,0],"69":[0,0],"70":[0,0],"71":[0,0],"72":[0,0],"73":[0,0],"74":[0,0],"75":[0,0],"76":[0,0],"77":[0,0]}}
,"C:\\Users\\KusmithaRaj\\source\\repos\\EmployeeDirectoryApp-Frontend\\src\\components\\Navbar.tsx": {"path":"C:\\Users\\KusmithaRaj\\source\\repos\\EmployeeDirectoryApp-Frontend\\src\\components\\Navbar.tsx","statementMap":{"0":{"start":{"line":4,"column":0},"end":{"line":4,"column":24}},"1":{"start":{"line":1,"column":0},"end":{"line":1,"column":53}},"2":{"start":{"line":2,"column":0},"end":{"line":2,"column":49}},"3":{"start":{"line":5,"column":27},"end":{"line":5,"column":36}},"4":{"start":{"line":6,"column":19},"end":{"line":6,"column":32}},"5":{"start":{"line":8,"column":23},"end":{"line":11,"column":3}},"6":{"start":{"line":9,"column":4},"end":{"line":9,"column":13}},"7":{"start":{"line":10,"column":4},"end":{"line":10,"column":42}},"8":{"start":{"line":13,"column":2},"end":{"line":48,"column":4}}},"fnMap":{"0":{"name":"Navbar","decl":{"start":{"line":4,"column":24},"end":{"line":4,"column":30}},"loc":{"start":{"line":4,"column":30},"end":{"line":49,"column":1}}},"1":{"name":"(anonymous_1)","decl":{"start":{"line":8,"column":23},"end":{"line":8,"column":26}},"loc":{"start":{"line":8,"column":28},"end":{"line":11,"column":3}}}},"branchMap":{"0":{"loc":{"start":{"line":19,"column":3},"end":{"line":24,"column":null}},"type":"binary-expr","locations":[{"start":{"line":19,"column":3},"end":{"line":19,"column":7}},{"start":{"line":20,"column":4},"end":{"line":23,"column":null}}]},"1":{"loc":{"start":{"line":28,"column":9},"end":{"line":44,"column":null}},"type":"cond-expr","locations":[{"start":{"line":29,"column":10},"end":{"line":36,"column":null}},{"start":{"line":39,"column":10},"end":{"line":40,"column":null}}]}},"s":{"0":1,"1":1,"2":1,"3":2,"4":2,"5":2,"6":0,"7":0,"8":2},"f":{"0":2,"1":0},"b":{"0":[2,0],"1":[0,2]}}
,"C:\\Users\\KusmithaRaj\\source\\repos\\EmployeeDirectoryApp-Frontend\\src\\components\\ProtectedRoute.tsx": {"path":"C:\\Users\\KusmithaRaj\\source\\repos\\EmployeeDirectoryApp-Frontend\\src\\components\\ProtectedRoute.tsx","statementMap":{"0":{"start":{"line":3,"column":0},"end":{"line":3,"column":44}},"1":{"start":{"line":4,"column":0},"end":{"line":4,"column":49}},"2":{"start":{"line":11,"column":40},"end":{"line":19,"column":1}},"3":{"start":{"line":12,"column":19},"end":{"line":12,"column":28}},"4":{"start":{"line":14,"column":2},"end":{"line":14,"column":53}},"5":{"start":{"line":14,"column":13},"end":{"line":14,"column":53}},"6":{"start":{"line":16,"column":2},"end":{"line":16,"column":85}},"7":{"start":{"line":16,"column":50},"end":{"line":16,"column":85}},"8":{"start":{"line":18,"column":2},"end":{"line":18,"column":25}},"9":{"start":{"line":21,"column":0},"end":{"line":21,"column":30}}},"fnMap":{"0":{"name":"(anonymous_0)","decl":{"start":{"line":11,"column":40},"end":{"line":11,"column":41}},"loc":{"start":{"line":11,"column":71},"end":{"line":19,"column":1}}}},"branchMap":{"0":{"loc":{"start":{"line":14,"column":2},"end":{"line":14,"column":53}},"type":"if","locations":[{"start":{"line":14,"column":2},"end":{"line":14,"column":53}},{"start":{},"end":{}}]},"1":{"loc":{"start":{"line":16,"column":2},"end":{"line":16,"column":85}},"type":"if","locations":[{"start":{"line":16,"column":2},"end":{"line":16,"column":85}},{"start":{},"end":{}}]},"2":{"loc":{"start":{"line":16,"column":6},"end":{"line":16,"column":48}},"type":"binary-expr","locations":[{"start":{"line":16,"column":6},"end":{"line":16,"column":18}},{"start":{"line":16,"column":22},"end":{"line":16,"column":48}}]}},"s":{"0":1,"1":1,"2":1,"3":1,"4":1,"5":1,"6":0,"7":0,"8":0,"9":1},"f":{"0":1},"b":{"0":[1,0],"1":[0,0],"2":[0,0]}}
,"C:\\Users\\KusmithaRaj\\source\\repos\\EmployeeDirectoryApp-Frontend\\src\\context\\AuthContext.tsx": {"path":"C:\\Users\\KusmithaRaj\\source\\repos\\EmployeeDirectoryApp-Frontend\\src\\context\\AuthContext.tsx","statementMap":{"0":{"start":{"line":88,"column":0},"end":{"line":88,"column":16}},"1":{"start":{"line":1,"column":0},"end":{"line":1,"column":78}},"2":{"start":{"line":2,"column":0},"end":{"line":2,"column":31}},"3":{"start":{"line":16,"column":13},"end":{"line":16,"column":81}},"4":{"start":{"line":18,"column":69},"end":{"line":86,"column":1}},"5":{"start":{"line":19,"column":26},"end":{"line":31,"column":4}},"6":{"start":{"line":20,"column":19},"end":{"line":20,"column":51}},"7":{"start":{"line":21,"column":4},"end":{"line":21,"column":29}},"8":{"start":{"line":21,"column":17},"end":{"line":21,"column":29}},"9":{"start":{"line":22,"column":4},"end":{"line":30,"column":5}},"10":{"start":{"line":23,"column":21},"end":{"line":23,"column":51}},"11":{"start":{"line":24,"column":6},"end":{"line":26,"column":7}},"12":{"start":{"line":25,"column":8},"end":{"line":25,"column":80}},"13":{"start":{"line":27,"column":6},"end":{"line":27,"column":20}},"14":{"start":{"line":29,"column":6},"end":{"line":29,"column":18}},"15":{"start":{"line":32,"column":2},"end":{"line":33,"column":9}},"16":{"start":{"line":34,"column":16},"end":{"line":64,"column":4}},"17":{"start":{"line":34,"column":77},"end":{"line":64,"column":4}},"18":{"start":{"line":35,"column":17},"end":{"line":37,"column":null}},"19":{"start":{"line":40,"column":17},"end":{"line":40,"column":32}},"20":{"start":{"line":41,"column":18},"end":{"line":41,"column":28}},"21":{"start":{"line":42,"column":27},"end":{"line":42,"column":50}},"22":{"start":{"line":44,"column":4},"end":{"line":46,"column":5}},"23":{"start":{"line":45,"column":6},"end":{"line":45,"column":73}},"24":{"start":{"line":48,"column":17},"end":{"line":48,"column":107}},"25":{"start":{"line":50,"column":31},"end":{"line":55,"column":6}},"26":{"start":{"line":56,"column":4},"end":{"line":56,"column":22}},"27":{"start":{"line":57,"column":4},"end":{"line":60,"column":5}},"28":{"start":{"line":58,"column":6},"end":{"line":58,"column":65}},"29":{"start":{"line":61,"column":4},"end":{"line":61,"column":69}},"30":{"start":{"line":63,"column":4},"end":{"line":63,"column":20}},"31":{"start":{"line":66,"column":17},"end":{"line":83,"column":4}},"32":{"start":{"line":66,"column":43},"end":{"line":83,"column":4}},"33":{"start":{"line":67,"column":4},"end":{"line":82,"column":5}},"34":{"start":{"line":68,"column":6},"end":{"line":68,"column":41}},"35":{"start":{"line":72,"column":6},"end":{"line":72,"column":20}},"36":{"start":{"line":73,"column":6},"end":{"line":75,"column":16}},"37":{"start":{"line":74,"column":8},"end":{"line":74,"column":44}},"38":{"start":{"line":76,"column":6},"end":{"line":80,"column":7}},"39":{"start":{"line":77,"column":8},"end":{"line":77,"column":60}},"40":{"start":{"line":79,"column":8},"end":{"line":79,"column":58}},"41":{"start":{"line":85,"column":2},"end":{"line":85,"column":97}},"42":{"start":{"line":18,"column":13},"end":{"line":18,"column":69}},"43":{"start":{"line":89,"column":14},"end":{"line":89,"column":37}},"44":{"start":{"line":90,"column":2},"end":{"line":90,"column":72}},"45":{"start":{"line":90,"column":12},"end":{"line":90,"column":72}},"46":{"start":{"line":91,"column":2},"end":{"line":91,"column":13}}},"fnMap":{"0":{"name":"(anonymous_8)","decl":{"start":{"line":18,"column":69},"end":{"line":18,"column":70}},"loc":{"start":{"line":18,"column":86},"end":{"line":86,"column":1}}},"1":{"name":"(anonymous_9)","decl":{"start":{"line":19,"column":52},"end":{"line":19,"column":55}},"loc":{"start":{"line":19,"column":57},"end":{"line":31,"column":3}}},"2":{"name":"(anonymous_10)","decl":{"start":{"line":32,"column":12},"end":{"line":32,"column":15}},"loc":{"start":{"line":32,"column":17},"end":{"line":33,"column":3}}},"3":{"name":"(anonymous_11)","decl":{"start":{"line":34,"column":16},"end":{"line":34,"column":23}},"loc":{"start":{"line":34,"column":77},"end":{"line":64,"column":4}}},"4":{"name":"(anonymous_12)","decl":{"start":{"line":34,"column":77},"end":{"line":34,"column":null}},"loc":{"start":{"line":34,"column":77},"end":{"line":64,"column":3}}},"5":{"name":"(anonymous_13)","decl":{"start":{"line":66,"column":17},"end":{"line":66,"column":41}},"loc":{"start":{"line":66,"column":43},"end":{"line":83,"column":4}}},"6":{"name":"(anonymous_14)","decl":{"start":{"line":66,"column":43},"end":{"line":66,"column":null}},"loc":{"start":{"line":66,"column":43},"end":{"line":83,"column":3}}},"7":{"name":"useAuth","decl":{"start":{"line":88,"column":16},"end":{"line":88,"column":23}},"loc":{"start":{"line":88,"column":23},"end":{"line":92,"column":1}}}},"branchMap":{"0":{"loc":{"start":{"line":21,"column":4},"end":{"line":21,"column":29}},"type":"if","locations":[{"start":{"line":21,"column":4},"end":{"line":21,"column":29}},{"start":{},"end":{}}]},"1":{"loc":{"start":{"line":24,"column":6},"end":{"line":26,"column":7}},"type":"if","locations":[{"start":{"line":24,"column":6},"end":{"line":26,"column":7}},{"start":{},"end":{}}]},"2":{"loc":{"start":{"line":24,"column":10},"end":{"line":24,"column":23}},"type":"cond-expr","locations":[{"start":{"line":24,"column":16},"end":{"line":24,"column":18}},{"start":{"line":24,"column":10},"end":{"line":24,"column":23}}]},"3":{"loc":{"start":{"line":24,"column":10},"end":{"line":24,"column":18}},"type":"binary-expr","locations":[{"start":{"line":24,"column":10},"end":{"line":24,"column":18}},{"start":{"line":24,"column":10},"end":{"line":24,"column":18}}]},"4":{"loc":{"start":{"line":40,"column":17},"end":{"line":40,"column":32}},"type":"cond-expr","locations":[{"start":{"line":40,"column":26},"end":{"line":40,"column":30}},{"start":{"line":40,"column":30},"end":{"line":40,"column":32}}]},"5":{"loc":{"start":{"line":40,"column":17},"end":{"line":40,"column":30}},"type":"binary-expr","locations":[{"start":{"line":40,"column":17},"end":{"line":40,"column":30}},{"start":{"line":40,"column":26},"end":{"line":40,"column":30}}]},"6":{"loc":{"start":{"line":42,"column":27},"end":{"line":42,"column":50}},"type":"cond-expr","locations":[{"start":{"line":42,"column":36},"end":{"line":42,"column":40}},{"start":{"line":42,"column":40},"end":{"line":42,"column":50}}]},"7":{"loc":{"start":{"line":42,"column":27},"end":{"line":42,"column":40}},"type":"binary-expr","locations":[{"start":{"line":42,"column":27},"end":{"line":42,"column":40}},{"start":{"line":42,"column":36},"end":{"line":42,"column":40}}]},"8":{"loc":{"start":{"line":44,"column":4},"end":{"line":46,"column":5}},"type":"if","locations":[{"start":{"line":44,"column":4},"end":{"line":46,"column":5}},{"start":{},"end":{}}]},"9":{"loc":{"start":{"line":45,"column":22},"end":{"line":45,"column":71}},"type":"cond-expr","locations":[{"start":{"line":45,"column":34},"end":{"line":45,"column":38}},{"start":{"line":45,"column":38},"end":{"line":45,"column":71}}]},"10":{"loc":{"start":{"line":45,"column":22},"end":{"line":45,"column":38}},"type":"binary-expr","locations":[{"start":{"line":45,"column":22},"end":{"line":45,"column":38}},{"start":{"line":45,"column":34},"end":{"line":45,"column":38}}]},"11":{"loc":{"start":{"line":48,"column":17},"end":{"line":48,"column":107}},"type":"cond-expr","locations":[{"start":{"line":48,"column":46},"end":{"line":48,"column":53}},{"start":{"line":48,"column":56},"end":{"line":48,"column":107}}]},"12":{"loc":{"start":{"line":48,"column":56},"end":{"line":48,"column":107}},"type":"cond-expr","locations":[{"start":{"line":48,"column":88},"end":{"line":48,"column":98}},{"start":{"line":48,"column":101},"end":{"line":48,"column":107}}]},"13":{"loc":{"start":{"line":90,"column":2},"end":{"line":90,"column":72}},"type":"if","locations":[{"start":{"line":90,"column":2},"end":{"line":90,"column":72}},{"start":{},"end":{}}]}},"s":{"0":5,"1":5,"2":5,"3":5,"4":5,"5":9,"6":9,"7":9,"8":9,"9":0,"10":0,"11":0,"12":0,"13":0,"14":0,"15":9,"16":9,"17":1,"18":1,"19":0,"20":0,"21":0,"22":0,"23":0,"24":0,"25":0,"26":0,"27":0,"28":0,"29":0,"30":0,"31":9,"32":0,"33":0,"34":0,"35":0,"36":0,"37":0,"38":0,"39":0,"40":0,"41":9,"42":5,"43":37,"44":37,"45":0,"46":37},"f":{"0":9,"1":9,"2":9,"3":1,"4":1,"5":0,"6":0,"7":37},"b":{"0":[9,0],"1":[0,0],"2":[0,0],"3":[0,0],"4":[0,0],"5":[0,0],"6":[0,0],"7":[0,0],"8":[0,0],"9":[0,0],"10":[0,0],"11":[0,0],"12":[0,0],"13":[0,37]}}
,"C:\\Users\\KusmithaRaj\\source\\repos\\EmployeeDirectoryApp-Frontend\\src\\pages\\Dashboard.tsx": {"path":"C:\\Users\\KusmithaRaj\\source\\repos\\EmployeeDirectoryApp-Frontend\\src\\pages\\Dashboard.tsx","statementMap":{"0":{"start":{"line":3,"column":0},"end":{"line":3,"column":24}},"1":{"start":{"line":1,"column":0},"end":{"line":1,"column":49}},"2":{"start":{"line":4,"column":19},"end":{"line":4,"column":28}},"3":{"start":{"line":5,"column":22},"end":{"line":5,"column":65}},"4":{"start":{"line":7,"column":2},"end":{"line":81,"column":4}}},"fnMap":{"0":{"name":"Dashboard","decl":{"start":{"line":3,"column":24},"end":{"line":3,"column":33}},"loc":{"start":{"line":3,"column":33},"end":{"line":82,"column":1}}}},"branchMap":{"0":{"loc":{"start":{"line":5,"column":22},"end":{"line":5,"column":65}},"type":"cond-expr","locations":[{"start":{"line":5,"column":36},"end":{"line":5,"column":38}},{"start":{"line":5,"column":36},"end":{"line":5,"column":65}}]},"1":{"loc":{"start":{"line":5,"column":22},"end":{"line":5,"column":38}},"type":"binary-expr","locations":[{"start":{"line":5,"column":22},"end":{"line":5,"column":38}},{"start":{"line":5,"column":36},"end":{"line":5,"column":38}}]},"2":{"loc":{"start":{"line":5,"column":22},"end":{"line":5,"column":36}},"type":"cond-expr","locations":[{"start":{"line":5,"column":26},"end":{"line":5,"column":28}},{"start":{"line":5,"column":22},"end":{"line":5,"column":36}}]},"3":{"loc":{"start":{"line":5,"column":22},"end":{"line":5,"column":28}},"type":"binary-expr","locations":[{"start":{"line":5,"column":22},"end":{"line":5,"column":28}},{"start":{"line":5,"column":22},"end":{"line":5,"column":28}}]}},"s":{"0":1,"1":1,"2":0,"3":0,"4":0},"f":{"0":0},"b":{"0":[0,0],"1":[0,0],"2":[0,0],"3":[0,0]}}
,"C:\\Users\\KusmithaRaj\\source\\repos\\EmployeeDirectoryApp-Frontend\\src\\pages\\Login.tsx": {"path":"C:\\Users\\KusmithaRaj\\source\\repos\\EmployeeDirectoryApp-Frontend\\src\\pages\\Login.tsx","statementMap":{"0":{"start":{"line":5,"column":0},"end":{"line":5,"column":24}},"1":{"start":{"line":1,"column":0},"end":{"line":1,"column":40}},"2":{"start":{"line":2,"column":0},"end":{"line":2,"column":47}},"3":{"start":{"line":3,"column":0},"end":{"line":3,"column":49}},"4":{"start":{"line":4,"column":0},"end":{"line":4,"column":21}},"5":{"start":{"line":6,"column":19},"end":{"line":6,"column":32}},"6":{"start":{"line":7,"column":20},"end":{"line":7,"column":29}},"7":{"start":{"line":9,"column":28},"end":{"line":9,"column":40}},"8":{"start":{"line":10,"column":34},"end":{"line":10,"column":46}},"9":{"start":{"line":11,"column":28},"end":{"line":11,"column":57}},"10":{"start":{"line":12,"column":32},"end":{"line":12,"column":47}},"11":{"start":{"line":14,"column":23},"end":{"line":30,"column":4}},"12":{"start":{"line":14,"column":69},"end":{"line":30,"column":4}},"13":{"start":{"line":15,"column":4},"end":{"line":15,"column":23}},"14":{"start":{"line":16,"column":4},"end":{"line":16,"column":19}},"15":{"start":{"line":17,"column":4},"end":{"line":17,"column":21}},"16":{"start":{"line":19,"column":4},"end":{"line":29,"column":5}},"17":{"start":{"line":20,"column":23},"end":{"line":20,"column":51}},"18":{"start":{"line":21,"column":6},"end":{"line":23,"column":9}},"19":{"start":{"line":25,"column":6},"end":{"line":25,"column":41}},"20":{"start":{"line":26,"column":6},"end":{"line":26,"column":76}},"21":{"start":{"line":28,"column":6},"end":{"line":28,"column":24}},"22":{"start":{"line":32,"column":2},"end":{"line":62,"column":4}},"23":{"start":{"line":42,"column":27},"end":{"line":42,"column":51}},"24":{"start":{"line":51,"column":27},"end":{"line":51,"column":54}}},"fnMap":{"0":{"name":"Login","decl":{"start":{"line":5,"column":24},"end":{"line":5,"column":29}},"loc":{"start":{"line":5,"column":29},"end":{"line":63,"column":1}}},"1":{"name":"(anonymous_8)","decl":{"start":{"line":14,"column":23},"end":{"line":14,"column":30}},"loc":{"start":{"line":14,"column":69},"end":{"line":30,"column":4}}},"2":{"name":"(anonymous_9)","decl":{"start":{"line":14,"column":69},"end":{"line":14,"column":null}},"loc":{"start":{"line":14,"column":69},"end":{"line":30,"column":3}}},"3":{"name":"(anonymous_10)","decl":{"start":{"line":42,"column":20},"end":{"line":42,"column":21}},"loc":{"start":{"line":42,"column":27},"end":{"line":42,"column":51}}},"4":{"name":"(anonymous_11)","decl":{"start":{"line":51,"column":20},"end":{"line":51,"column":21}},"loc":{"start":{"line":51,"column":27},"end":{"line":51,"column":54}}}},"branchMap":{"0":{"loc":{"start":{"line":21,"column":15},"end":{"line":21,"column":65}},"type":"cond-expr","locations":[{"start":{"line":21,"column":43},"end":{"line":21,"column":51}},{"start":{"line":21,"column":54},"end":{"line":21,"column":65}}]},"1":{"loc":{"start":{"line":26,"column":15},"end":{"line":26,"column":74}},"type":"cond-expr","locations":[{"start":{"line":26,"column":43},"end":{"line":26,"column":47}},{"start":{"line":26,"column":47},"end":{"line":26,"column":74}}]},"2":{"loc":{"start":{"line":26,"column":15},"end":{"line":26,"column":47}},"type":"binary-expr","locations":[{"start":{"line":26,"column":15},"end":{"line":26,"column":47}},{"start":{"line":26,"column":43},"end":{"line":26,"column":47}}]},"3":{"loc":{"start":{"line":26,"column":15},"end":{"line":26,"column":43}},"type":"cond-expr","locations":[{"start":{"line":26,"column":34},"end":{"line":26,"column":36}},{"start":{"line":26,"column":34},"end":{"line":26,"column":43}}]},"4":{"loc":{"start":{"line":26,"column":15},"end":{"line":26,"column":36}},"type":"binary-expr","locations":[{"start":{"line":26,"column":15},"end":{"line":26,"column":36}},{"start":{"line":26,"column":34},"end":{"line":26,"column":36}}]},"5":{"loc":{"start":{"line":26,"column":15},"end":{"line":26,"column":34}},"type":"cond-expr","locations":[{"start":{"line":26,"column":28},"end":{"line":26,"column":30}},{"start":{"line":26,"column":28},"end":{"line":26,"column":34}}]},"6":{"loc":{"start":{"line":26,"column":15},"end":{"line":26,"column":30}},"type":"binary-expr","locations":[{"start":{"line":26,"column":15},"end":{"line":26,"column":30}},{"start":{"line":26,"column":28},"end":{"line":26,"column":30}}]},"7":{"loc":{"start":{"line":26,"column":15},"end":{"line":26,"column":28}},"type":"cond-expr","locations":[{"start":{"line":26,"column":18},"end":{"line":26,"column":20}},{"start":{"line":26,"column":15},"end":{"line":26,"column":28}}]},"8":{"loc":{"start":{"line":26,"column":15},"end":{"line":26,"column":20}},"type":"binary-expr","locations":[{"start":{"line":26,"column":15},"end":{"line":26,"column":20}},{"start":{"line":26,"column":15},"end":{"line":26,"column":20}}]},"9":{"loc":{"start":{"line":55,"column":9},"end":{"line":55,"column":60}},"type":"binary-expr","locations":[{"start":{"line":55,"column":9},"end":{"line":55,"column":14}},{"start":{"line":55,"column":18},"end":{"line":55,"column":60}}]},"10":{"loc":{"start":{"line":58,"column":11},"end":{"line":58,"column":46}},"type":"cond-expr","locations":[{"start":{"line":58,"column":21},"end":{"line":58,"column":36}},{"start":{"line":58,"column":39},"end":{"line":58,"column":46}}]}},"s":{"0":2,"1":2,"2":2,"3":2,"4":2,"5":19,"6":19,"7":19,"8":19,"9":19,"10":19,"11":19,"12":1,"13":1,"14":1,"15":1,"16":1,"17":1,"18":0,"19":0,"20":0,"21":0,"22":19,"23":10,"24":5},"f":{"0":19,"1":1,"2":1,"3":10,"4":5},"b":{"0":[0,0],"1":[0,0],"2":[0,0],"3":[0,0],"4":[0,0],"5":[0,0],"6":[0,0],"7":[0,0],"8":[0,0],"9":[19,0],"10":[1,18]}}
,"C:\\Users\\KusmithaRaj\\source\\repos\\EmployeeDirectoryApp-Frontend\\src\\pages\\Departments\\DepartmentForm.tsx": {"path":"C:\\Users\\KusmithaRaj\\source\\repos\\EmployeeDirectoryApp-Frontend\\src\\pages\\Departments\\DepartmentForm.tsx","statementMap":{"0":{"start":{"line":13,"column":0},"end":{"line":13,"column":24}},"1":{"start":{"line":1,"column":0},"end":{"line":1,"column":51}},"2":{"start":{"line":2,"column":0},"end":{"line":2,"column":77}},"3":{"start":{"line":3,"column":0},"end":{"line":3,"column":52}},"4":{"start":{"line":14,"column":19},"end":{"line":14,"column":28}},"5":{"start":{"line":15,"column":18},"end":{"line":15,"column":40}},"6":{"start":{"line":16,"column":26},"end":{"line":16,"column":38}},"7":{"start":{"line":17,"column":32},"end":{"line":17,"column":47}},"8":{"start":{"line":18,"column":28},"end":{"line":18,"column":57}},"9":{"start":{"line":20,"column":29},"end":{"line":25,"column":3}},"10":{"start":{"line":21,"column":14},"end":{"line":21,"column":23}},"11":{"start":{"line":22,"column":14},"end":{"line":22,"column":56}},"12":{"start":{"line":23,"column":15},"end":{"line":23,"column":55}},"13":{"start":{"line":24,"column":4},"end":{"line":24,"column":47}},"14":{"start":{"line":27,"column":2},"end":{"line":32,"column":16}},"15":{"start":{"line":28,"column":14},"end":{"line":28,"column":34}},"16":{"start":{"line":29,"column":20},"end":{"line":29,"column":42}},"17":{"start":{"line":30,"column":4},"end":{"line":30,"column":21}},"18":{"start":{"line":31,"column":4},"end":{"line":31,"column":19}},"19":{"start":{"line":34,"column":17},"end":{"line":56,"column":4}},"20":{"start":{"line":34,"column":47},"end":{"line":56,"column":4}},"21":{"start":{"line":35,"column":4},"end":{"line":35,"column":24}},"22":{"start":{"line":36,"column":4},"end":{"line":36,"column":19}},"23":{"start":{"line":38,"column":4},"end":{"line":38,"column":60}},"24":{"start":{"line":38,"column":24},"end":{"line":38,"column":50}},"25":{"start":{"line":38,"column":51},"end":{"line":38,"column":58}},"26":{"start":{"line":39,"column":4},"end":{"line":39,"column":60}},"27":{"start":{"line":39,"column":20},"end":{"line":39,"column":50}},"28":{"start":{"line":39,"column":51},"end":{"line":39,"column":58}},"29":{"start":{"line":41,"column":4},"end":{"line":41,"column":21}},"30":{"start":{"line":42,"column":4},"end":{"line":55,"column":5}},"31":{"start":{"line":43,"column":6},"end":{"line":50,"column":7}},"32":{"start":{"line":44,"column":22},"end":{"line":44,"column":67}},"33":{"start":{"line":45,"column":8},"end":{"line":45,"column":25}},"34":{"start":{"line":47,"column":8},"end":{"line":47,"column":56}},"35":{"start":{"line":47,"column":26},"end":{"line":47,"column":56}},"36":{"start":{"line":48,"column":22},"end":{"line":48,"column":79}},"37":{"start":{"line":49,"column":8},"end":{"line":49,"column":25}},"38":{"start":{"line":52,"column":6},"end":{"line":52,"column":78}},"39":{"start":{"line":54,"column":6},"end":{"line":54,"column":24}},"40":{"start":{"line":58,"column":22},"end":{"line":58,"column":49}},"41":{"start":{"line":60,"column":2},"end":{"line":86,"column":4}},"42":{"start":{"line":72,"column":45},"end":{"line":72,"column":68}},"43":{"start":{"line":81,"column":71},"end":{"line":81,"column":83}}},"fnMap":{"0":{"name":"DepartmentForm","decl":{"start":{"line":13,"column":24},"end":{"line":13,"column":38}},"loc":{"start":{"line":13,"column":93},"end":{"line":87,"column":1}}},"1":{"name":"(anonymous_8)","decl":{"start":{"line":20,"column":29},"end":{"line":20,"column":30}},"loc":{"start":{"line":20,"column":42},"end":{"line":25,"column":3}}},"2":{"name":"(anonymous_9)","decl":{"start":{"line":27,"column":12},"end":{"line":27,"column":15}},"loc":{"start":{"line":27,"column":17},"end":{"line":32,"column":3}}},"3":{"name":"(anonymous_10)","decl":{"start":{"line":34,"column":17},"end":{"line":34,"column":24}},"loc":{"start":{"line":34,"column":47},"end":{"line":56,"column":4}}},"4":{"name":"(anonymous_11)","decl":{"start":{"line":34,"column":47},"end":{"line":34,"column":null}},"loc":{"start":{"line":34,"column":47},"end":{"line":56,"column":3}}},"5":{"name":"(anonymous_12)","decl":{"start":{"line":72,"column":38},"end":{"line":72,"column":39}},"loc":{"start":{"line":72,"column":45},"end":{"line":72,"column":68}}},"6":{"name":"(anonymous_13)","decl":{"start":{"line":81,"column":65},"end":{"line":81,"column":68}},"loc":{"start":{"line":81,"column":71},"end":{"line":81,"column":83}}}},"branchMap":{"0":{"loc":{"start":{"line":13,"column":41},"end":{"line":13,"column":56}},"type":"default-arg","locations":[{"start":{"line":13,"column":48},"end":{"line":13,"column":56}}]},"1":{"loc":{"start":{"line":15,"column":18},"end":{"line":15,"column":28}},"type":"cond-expr","locations":[{"start":{"line":15,"column":22},"end":{"line":15,"column":24}},{"start":{"line":15,"column":18},"end":{"line":15,"column":28}}]},"2":{"loc":{"start":{"line":15,"column":18},"end":{"line":15,"column":24}},"type":"binary-expr","locations":[{"start":{"line":15,"column":18},"end":{"line":15,"column":24}},{"start":{"line":15,"column":18},"end":{"line":15,"column":24}}]},"3":{"loc":{"start":{"line":21,"column":14},"end":{"line":21,"column":23}},"type":"binary-expr","locations":[{"start":{"line":21,"column":14},"end":{"line":21,"column":17}},{"start":{"line":21,"column":21},"end":{"line":21,"column":23}}]},"4":{"loc":{"start":{"line":22,"column":15},"end":{"line":22,"column":37}},"type":"cond-expr","locations":[{"start":{"line":22,"column":31},"end":{"line":22,"column":35}},{"start":{"line":22,"column":35},"end":{"line":22,"column":37}}]},"5":{"loc":{"start":{"line":22,"column":15},"end":{"line":22,"column":35}},"type":"binary-expr","locations":[{"start":{"line":22,"column":15},"end":{"line":22,"column":35}},{"start":{"line":22,"column":31},"end":{"line":22,"column":35}}]},"6":{"loc":{"start":{"line":22,"column":15},"end":{"line":22,"column":31}},"type":"cond-expr","locations":[{"start":{"line":22,"column":21},"end":{"line":22,"column":25}},{"start":{"line":22,"column":25},"end":{"line":22,"column":31}}]},"7":{"loc":{"start":{"line":22,"column":15},"end":{"line":22,"column":25}},"type":"binary-expr","locations":[{"start":{"line":22,"column":15},"end":{"line":22,"column":25}},{"start":{"line":22,"column":21},"end":{"line":22,"column":25}}]},"8":{"loc":{"start":{"line":23,"column":15},"end":{"line":23,"column":55}},"type":"cond-expr","locations":[{"start":{"line":23,"column":47},"end":{"line":23,"column":51}},{"start":{"line":23,"column":51},"end":{"line":23,"column":55}}]},"9":{"loc":{"start":{"line":23,"column":15},"end":{"line":23,"column":51}},"type":"binary-expr","locations":[{"start":{"line":23,"column":15},"end":{"line":23,"column":51}},{"start":{"line":23,"column":47},"end":{"line":23,"column":51}}]},"10":{"loc":{"start":{"line":23,"column":15},"end":{"line":23,"column":47}},"type":"cond-expr","locations":[{"start":{"line":23,"column":29},"end":{"line":23,"column":33}},{"start":{"line":23,"column":33},"end":{"line":23,"column":47}}]},"11":{"loc":{"start":{"line":23,"column":15},"end":{"line":23,"column":33}},"type":"binary-expr","locations":[{"start":{"line":23,"column":15},"end":{"line":23,"column":33}},{"start":{"line":23,"column":29},"end":{"line":23,"column":33}}]},"12":{"loc":{"start":{"line":24,"column":11},"end":{"line":24,"column":46}},"type":"binary-expr","locations":[{"start":{"line":24,"column":11},"end":{"line":24,"column":12}},{"start":{"line":24,"column":17},"end":{"line":24,"column":45}}]},"13":{"loc":{"start":{"line":24,"column":17},"end":{"line":24,"column":45}},"type":"cond-expr","locations":[{"start":{"line":24,"column":22},"end":{"line":24,"column":40}},{"start":{"line":24,"column":43},"end":{"line":24,"column":45}}]},"14":{"loc":{"start":{"line":28,"column":14},"end":{"line":28,"column":34}},"type":"binary-expr","locations":[{"start":{"line":28,"column":14},"end":{"line":28,"column":28}},{"start":{"line":28,"column":32},"end":{"line":28,"column":34}}]},"15":{"loc":{"start":{"line":29,"column":20},"end":{"line":29,"column":42}},"type":"cond-expr","locations":[{"start":{"line":29,"column":36},"end":{"line":29,"column":40}},{"start":{"line":29,"column":40},"end":{"line":29,"column":42}}]},"16":{"loc":{"start":{"line":29,"column":20},"end":{"line":29,"column":40}},"type":"binary-expr","locations":[{"start":{"line":29,"column":20},"end":{"line":29,"column":40}},{"start":{"line":29,"column":36},"end":{"line":29,"column":40}}]},"17":{"loc":{"start":{"line":29,"column":20},"end":{"line":29,"column":36}},"type":"cond-expr","locations":[{"start":{"line":29,"column":26},"end":{"line":29,"column":30}},{"start":{"line":29,"column":30},"end":{"line":29,"column":36}}]},"18":{"loc":{"start":{"line":29,"column":20},"end":{"line":29,"column":30}},"type":"binary-expr","locations":[{"start":{"line":29,"column":20},"end":{"line":29,"column":30}},{"start":{"line":29,"column":26},"end":{"line":29,"column":30}}]},"19":{"loc":{"start":{"line":35,"column":4},"end":{"line":35,"column":23}},"type":"cond-expr","locations":[{"start":{"line":35,"column":5},"end":{"line":35,"column":7}},{"start":{"line":35,"column":4},"end":{"line":35,"column":23}}]},"20":{"loc":{"start":{"line":35,"column":4},"end":{"line":35,"column":7}},"type":"binary-expr","locations":[{"start":{"line":35,"column":4},"end":{"line":35,"column":7}},{"start":{"line":35,"column":4},"end":{"line":35,"column":7}}]},"21":{"loc":{"start":{"line":38,"column":4},"end":{"line":38,"column":60}},"type":"if","locations":[{"start":{"line":38,"column":4},"end":{"line":38,"column":60}},{"start":{},"end":{}}]},"22":{"loc":{"start":{"line":39,"column":4},"end":{"line":39,"column":60}},"type":"if","locations":[{"start":{"line":39,"column":4},"end":{"line":39,"column":60}},{"start":{},"end":{}}]},"23":{"loc":{"start":{"line":43,"column":6},"end":{"line":50,"column":7}},"type":"if","locations":[{"start":{"line":43,"column":6},"end":{"line":50,"column":7}},{"start":{"line":46,"column":13},"end":{"line":50,"column":7}}]},"24":{"loc":{"start":{"line":45,"column":8},"end":{"line":45,"column":24}},"type":"cond-expr","locations":[{"start":{"line":45,"column":15},"end":{"line":45,"column":18}},{"start":{"line":45,"column":8},"end":{"line":45,"column":24}}]},"25":{"loc":{"start":{"line":45,"column":8},"end":{"line":45,"column":18}},"type":"binary-expr","locations":[{"start":{"line":45,"column":8},"end":{"line":45,"column":18}},{"start":{"line":45,"column":8},"end":{"line":45,"column":18}}]},"26":{"loc":{"start":{"line":47,"column":8},"end":{"line":47,"column":56}},"type":"if","locations":[{"start":{"line":47,"column":8},"end":{"line":47,"column":56}},{"start":{},"end":{}}]},"27":{"loc":{"start":{"line":47,"column":13},"end":{"line":47,"column":24}},"type":"cond-expr","locations":[{"start":{"line":47,"column":20},"end":{"line":47,"column":22}},{"start":{"line":47,"column":13},"end":{"line":47,"column":24}}]},"28":{"loc":{"start":{"line":47,"column":13},"end":{"line":47,"column":22}},"type":"binary-expr","locations":[{"start":{"line":47,"column":13},"end":{"line":47,"column":22}},{"start":{"line":47,"column":13},"end":{"line":47,"column":22}}]},"29":{"loc":{"start":{"line":49,"column":8},"end":{"line":49,"column":24}},"type":"cond-expr","locations":[{"start":{"line":49,"column":15},"end":{"line":49,"column":18}},{"start":{"line":49,"column":8},"end":{"line":49,"column":24}}]},"30":{"loc":{"start":{"line":49,"column":8},"end":{"line":49,"column":18}},"type":"binary-expr","locations":[{"start":{"line":49,"column":8},"end":{"line":49,"column":18}},{"start":{"line":49,"column":8},"end":{"line":49,"column":18}}]},"31":{"loc":{"start":{"line":52,"column":15},"end":{"line":52,"column":76}},"type":"cond-expr","locations":[{"start":{"line":52,"column":59},"end":{"line":52,"column":63}},{"start":{"line":52,"column":63},"end":{"line":52,"column":76}}]},"32":{"loc":{"start":{"line":52,"column":15},"end":{"line":52,"column":63}},"type":"binary-expr","locations":[{"start":{"line":52,"column":15},"end":{"line":52,"column":63}},{"start":{"line":52,"column":59},"end":{"line":52,"column":63}}]},"33":{"loc":{"start":{"line":52,"column":15},"end":{"line":52,"column":59}},"type":"cond-expr","locations":[{"start":{"line":52,"column":43},"end":{"line":52,"column":47}},{"start":{"line":52,"column":47},"end":{"line":52,"column":59}}]},"34":{"loc":{"start":{"line":52,"column":15},"end":{"line":52,"column":47}},"type":"binary-expr","locations":[{"start":{"line":52,"column":15},"end":{"line":52,"column":47}},{"start":{"line":52,"column":43},"end":{"line":52,"column":47}}]},"35":{"loc":{"start":{"line":52,"column":15},"end":{"line":52,"column":43}},"type":"cond-expr","locations":[{"start":{"line":52,"column":34},"end":{"line":52,"column":36}},{"start":{"line":52,"column":34},"end":{"line":52,"column":43}}]},"36":{"loc":{"start":{"line":52,"column":15},"end":{"line":52,"column":36}},"type":"binary-expr","locations":[{"start":{"line":52,"column":15},"end":{"line":52,"column":36}},{"start":{"line":52,"column":34},"end":{"line":52,"column":36}}]},"37":{"loc":{"start":{"line":52,"column":15},"end":{"line":52,"column":34}},"type":"cond-expr","locations":[{"start":{"line":52,"column":28},"end":{"line":52,"column":30}},{"start":{"line":52,"column":28},"end":{"line":52,"column":34}}]},"38":{"loc":{"start":{"line":52,"column":15},"end":{"line":52,"column":30}},"type":"binary-expr","locations":[{"start":{"line":52,"column":15},"end":{"line":52,"column":30}},{"start":{"line":52,"column":28},"end":{"line":52,"column":30}}]},"39":{"loc":{"start":{"line":52,"column":15},"end":{"line":52,"column":28}},"type":"cond-expr","locations":[{"start":{"line":52,"column":18},"end":{"line":52,"column":20}},{"start":{"line":52,"column":15},"end":{"line":52,"column":28}}]},"40":{"loc":{"start":{"line":52,"column":15},"end":{"line":52,"column":20}},"type":"binary-expr","locations":[{"start":{"line":52,"column":15},"end":{"line":52,"column":20}},{"start":{"line":52,"column":15},"end":{"line":52,"column":20}}]},"41":{"loc":{"start":{"line":52,"column":47},"end":{"line":52,"column":59}},"type":"cond-expr","locations":[{"start":{"line":52,"column":50},"end":{"line":52,"column":52}},{"start":{"line":52,"column":47},"end":{"line":52,"column":59}}]},"42":{"loc":{"start":{"line":52,"column":47},"end":{"line":52,"column":52}},"type":"binary-expr","locations":[{"start":{"line":52,"column":47},"end":{"line":52,"column":52}},{"start":{"line":52,"column":47},"end":{"line":52,"column":52}}]},"43":{"loc":{"start":{"line":62,"column":7},"end":{"line":66,"column":14}},"type":"cond-expr","locations":[{"start":{"line":63,"column":8},"end":{"line":64,"column":null}},{"start":{"line":66,"column":10},"end":{"line":66,"column":14}}]},"44":{"loc":{"start":{"line":68,"column":36},"end":{"line":68,"column":95}},"type":"cond-expr","locations":[{"start":{"line":68,"column":56},"end":{"line":68,"column":75}},{"start":{"line":68,"column":78},"end":{"line":68,"column":95}}]},"45":{"loc":{"start":{"line":72,"column":80},"end":{"line":72,"column":99}},"type":"binary-expr","locations":[{"start":{"line":72,"column":80},"end":{"line":72,"column":88}},{"start":{"line":72,"column":92},"end":{"line":72,"column":99}}]},"46":{"loc":{"start":{"line":75,"column":7},"end":{"line":75,"column":52}},"type":"binary-expr","locations":[{"start":{"line":75,"column":7},"end":{"line":75,"column":12}},{"start":{"line":75,"column":16},"end":{"line":75,"column":52}}]},"47":{"loc":{"start":{"line":78,"column":56},"end":{"line":78,"column":75}},"type":"binary-expr","locations":[{"start":{"line":78,"column":56},"end":{"line":78,"column":63}},{"start":{"line":78,"column":67},"end":{"line":78,"column":75}}]},"48":{"loc":{"start":{"line":79,"column":11},"end":{"line":79,"column":41}},"type":"cond-expr","locations":[{"start":{"line":79,"column":21},"end":{"line":79,"column":32}},{"start":{"line":79,"column":35},"end":{"line":79,"column":41}}]},"49":{"loc":{"start":{"line":81,"column":71},"end":{"line":81,"column":83}},"type":"cond-expr","locations":[{"start":{"line":81,"column":79},"end":{"line":81,"column":83}},{"start":{"line":81,"column":71},"end":{"line":81,"column":83}}]},"50":{"loc":{"start":{"line":81,"column":71},"end":{"line":81,"column":83}},"type":"binary-expr","locations":[{"start":{"line":81,"column":71},"end":{"line":81,"column":83}},{"start":{"line":81,"column":71},"end":{"line":81,"column":83}}]}},"s":{"0":3,"1":3,"2":3,"3":3,"4":3,"5":3,"6":3,"7":3,"8":3,"9":3,"10":3,"11":3,"12":3,"13":3,"14":3,"15":2,"16":2,"17":2,"18":2,"19":3,"20":0,"21":0,"22":0,"23":0,"24":0,"25":0,"26":0,"27":0,"28":0,"29":0,"30":0,"31":0,"32":0,"33":0,"34":0,"35":0,"36":0,"37":0,"38":0,"39":0,"40":3,"41":3,"42":0,"43":0},"f":{"0":3,"1":3,"2":2,"3":0,"4":0,"5":0,"6":0},"b":{"0":[3],"1":[3,0],"2":[3,0],"3":[3,1],"4":[2,1],"5":[3,3],"6":[0,3],"7":[3,3],"8":[0,3],"9":[3,3],"10":[0,3],"11":[3,3],"12":[3,1],"13":[0,1],"14":[2,1],"15":[1,1],"16":[2,2],"17":[1,1],"18":[2,2],"19":[0,0],"20":[0,0],"21":[0,0],"22":[0,0],"23":[0,0],"24":[0,0],"25":[0,0],"26":[0,0],"27":[0,0],"28":[0,0],"29":[0,0],"30":[0,0],"31":[0,0],"32":[0,0],"33":[0,0],"34":[0,0],"35":[0,0],"36":[0,0],"37":[0,0],"38":[0,0],"39":[0,0],"40":[0,0],"41":[0,0],"42":[0,0],"43":[2,1],"44":[3,0],"45":[3,0],"46":[3,0],"47":[3,3],"48":[0,3],"49":[0,0],"50":[0,0]}}
[...]
d":{"line":107,"column":15}},{"start":{"line":107,"column":6},"end":{"line":107,"column":24}}]},"33":{"loc":{"start":{"line":107,"column":6},"end":{"line":107,"column":15}},"type":"binary-expr","locations":[{"start":{"line":107,"column":6},"end":{"line":107,"column":15}},{"start":{"line":107,"column":6},"end":{"line":107,"column":15}}]},"34":{"loc":{"start":{"line":108,"column":6},"end":{"line":108,"column":45}},"type":"cond-expr","locations":[{"start":{"line":108,"column":19},"end":{"line":108,"column":21}},{"start":{"line":108,"column":19},"end":{"line":108,"column":45}}]},"35":{"loc":{"start":{"line":108,"column":6},"end":{"line":108,"column":21}},"type":"binary-expr","locations":[{"start":{"line":108,"column":6},"end":{"line":108,"column":21}},{"start":{"line":108,"column":19},"end":{"line":108,"column":21}}]},"36":{"loc":{"start":{"line":108,"column":6},"end":{"line":108,"column":19}},"type":"cond-expr","locations":[{"start":{"line":108,"column":13},"end":{"line":108,"column":15}},{"start":{"line":108,"column":6},"end":{"line":108,"column":19}}]},"37":{"loc":{"start":{"line":108,"column":6},"end":{"line":108,"column":15}},"type":"binary-expr","locations":[{"start":{"line":108,"column":6},"end":{"line":108,"column":15}},{"start":{"line":108,"column":6},"end":{"line":108,"column":15}}]},"38":{"loc":{"start":{"line":111,"column":22},"end":{"line":111,"column":55}},"type":"binary-expr","locations":[{"start":{"line":111,"column":22},"end":{"line":111,"column":41}},{"start":{"line":111,"column":45},"end":{"line":111,"column":55}}]},"39":{"loc":{"start":{"line":118,"column":12},"end":{"line":118,"column":71}},"type":"cond-expr","locations":[{"start":{"line":118,"column":52},"end":{"line":118,"column":56}},{"start":{"line":118,"column":56},"end":{"line":118,"column":71}}]},"40":{"loc":{"start":{"line":118,"column":12},"end":{"line":118,"column":56}},"type":"binary-expr","locations":[{"start":{"line":118,"column":12},"end":{"line":118,"column":56}},{"start":{"line":118,"column":52},"end":{"line":118,"column":56}}]},"41":{"loc":{"start":{"line":118,"column":12},"end":{"line":118,"column":52}},"type":"cond-expr","locations":[{"start":{"line":118,"column":38},"end":{"line":118,"column":42}},{"start":{"line":118,"column":42},"end":{"line":118,"column":52}}]},"42":{"loc":{"start":{"line":118,"column":12},"end":{"line":118,"column":42}},"type":"binary-expr","locations":[{"start":{"line":118,"column":12},"end":{"line":118,"column":42}},{"start":{"line":118,"column":38},"end":{"line":118,"column":42}}]},"43":{"loc":{"start":{"line":118,"column":12},"end":{"line":118,"column":38}},"type":"cond-expr","locations":[{"start":{"line":118,"column":29},"end":{"line":118,"column":31}},{"start":{"line":118,"column":29},"end":{"line":118,"column":38}}]},"44":{"loc":{"start":{"line":118,"column":12},"end":{"line":118,"column":31}},"type":"binary-expr","locations":[{"start":{"line":118,"column":12},"end":{"line":118,"column":31}},{"start":{"line":118,"column":29},"end":{"line":118,"column":31}}]},"45":{"loc":{"start":{"line":118,"column":12},"end":{"line":118,"column":29}},"type":"cond-expr","locations":[{"start":{"line":118,"column":23},"end":{"line":118,"column":25}},{"start":{"line":118,"column":23},"end":{"line":118,"column":29}}]},"46":{"loc":{"start":{"line":118,"column":12},"end":{"line":118,"column":25}},"type":"binary-expr","locations":[{"start":{"line":118,"column":12},"end":{"line":118,"column":25}},{"start":{"line":118,"column":23},"end":{"line":118,"column":25}}]},"47":{"loc":{"start":{"line":118,"column":12},"end":{"line":118,"column":23}},"type":"cond-expr","locations":[{"start":{"line":118,"column":13},"end":{"line":118,"column":15}},{"start":{"line":118,"column":12},"end":{"line":118,"column":23}}]},"48":{"loc":{"start":{"line":118,"column":12},"end":{"line":118,"column":15}},"type":"binary-expr","locations":[{"start":{"line":118,"column":12},"end":{"line":118,"column":15}},{"start":{"line":118,"column":12},"end":{"line":118,"column":15}}]},"49":{"loc":{"start":{"line":118,"column":42},"end":{"line":118,"column":52}},"type":"cond-expr","locations":[{"start":{"line":118,"column":43},"end":{"line":118,"column":45}},{"start":{"line":118,"column":42},"end":{"line":118,"column":52}}]},"50":{"loc":{"start":{"line":118,"column":42},"end":{"line":118,"column":45}},"type":"binary-expr","locations":[{"start":{"line":118,"column":42},"end":{"line":118,"column":45}},{"start":{"line":118,"column":42},"end":{"line":118,"column":45}}]},"51":{"loc":{"start":{"line":123,"column":4},"end":{"line":123,"column":59}},"type":"if","locations":[{"start":{"line":123,"column":4},"end":{"line":123,"column":59}},{"start":{},"end":{}}]},"52":{"loc":{"start":{"line":123,"column":9},"end":{"line":123,"column":30}},"type":"cond-expr","locations":[{"start":{"line":123,"column":26},"end":{"line":123,"column":28}},{"start":{"line":123,"column":9},"end":{"line":123,"column":30}}]},"53":{"loc":{"start":{"line":123,"column":9},"end":{"line":123,"column":28}},"type":"binary-expr","locations":[{"start":{"line":123,"column":9},"end":{"line":123,"column":28}},{"start":{"line":123,"column":9},"end":{"line":123,"column":28}}]},"54":{"loc":{"start":{"line":126,"column":6},"end":{"line":130,"column":24}},"type":"if","locations":[{"start":{"line":126,"column":6},"end":{"line":130,"column":24}},{"start":{"line":130,"column":11},"end":{"line":130,"column":24}}]},"55":{"loc":{"start":{"line":126,"column":10},"end":{"line":126,"column":27}},"type":"binary-expr","locations":[{"start":{"line":126,"column":10},"end":{"line":126,"column":15}},{"start":{"line":126,"column":19},"end":{"line":126,"column":27}}]},"56":{"loc":{"start":{"line":128,"column":27},"end":{"line":128,"column":56}},"type":"cond-expr","locations":[{"start":{"line":128,"column":47},"end":{"line":128,"column":52}},{"start":{"line":128,"column":55},"end":{"line":128,"column":56}}]},"57":{"loc":{"start":{"line":133,"column":12},"end":{"line":133,"column":69}},"type":"cond-expr","locations":[{"start":{"line":133,"column":52},"end":{"line":133,"column":56}},{"start":{"line":133,"column":56},"end":{"line":133,"column":69}}]},"58":{"loc":{"start":{"line":133,"column":12},"end":{"line":133,"column":56}},"type":"binary-expr","locations":[{"start":{"line":133,"column":12},"end":{"line":133,"column":56}},{"start":{"line":133,"column":52},"end":{"line":133,"column":56}}]},"59":{"loc":{"start":{"line":133,"column":12},"end":{"line":133,"column":52}},"type":"cond-expr","locations":[{"start":{"line":133,"column":38},"end":{"line":133,"column":42}},{"start":{"line":133,"column":42},"end":{"line":133,"column":52}}]},"60":{"loc":{"start":{"line":133,"column":12},"end":{"line":133,"column":42}},"type":"binary-expr","locations":[{"start":{"line":133,"column":12},"end":{"line":133,"column":42}},{"start":{"line":133,"column":38},"end":{"line":133,"column":42}}]},"61":{"loc":{"start":{"line":133,"column":12},"end":{"line":133,"column":38}},"type":"cond-expr","locations":[{"start":{"line":133,"column":29},"end":{"line":133,"column":31}},{"start":{"line":133,"column":29},"end":{"line":133,"column":38}}]},"62":{"loc":{"start":{"line":133,"column":12},"end":{"line":133,"column":31}},"type":"binary-expr","locations":[{"start":{"line":133,"column":12},"end":{"line":133,"column":31}},{"start":{"line":133,"column":29},"end":{"line":133,"column":31}}]},"63":{"loc":{"start":{"line":133,"column":12},"end":{"line":133,"column":29}},"type":"cond-expr","locations":[{"start":{"line":133,"column":23},"end":{"line":133,"column":25}},{"start":{"line":133,"column":23},"end":{"line":133,"column":29}}]},"64":{"loc":{"start":{"line":133,"column":12},"end":{"line":133,"column":25}},"type":"binary-expr","locations":[{"start":{"line":133,"column":12},"end":{"line":133,"column":25}},{"start":{"line":133,"column":23},"end":{"line":133,"column":25}}]},"65":{"loc":{"start":{"line":133,"column":12},"end":{"line":133,"column":23}},"type":"cond-expr","locations":[{"start":{"line":133,"column":13},"end":{"line":133,"column":15}},{"start":{"line":133,"column":12},"end":{"line":133,"column":23}}]},"66":{"loc":{"start":{"line":133,"column":12},"end":{"line":133,"column":15}},"type":"binary-expr","locations":[{"start":{"line":133,"column":12},"end":{"line":133,"column":15}},{"start":{"line":133,"column":12},"end":{"line":133,"column":15}}]},"67":{"loc":{"start":{"line":133,"column":42},"end":{"line":133,"column":52}},"type":"cond-expr","locations":[{"start":{"line":133,"column":43},"end":{"line":133,"column":45}},{"start":{"line":133,"column":42},"end":{"line":133,"column":52}}]},"68":{"loc":{"start":{"line":133,"column":42},"end":{"line":133,"column":45}},"type":"binary-expr","locations":[{"start":{"line":133,"column":42},"end":{"line":133,"column":45}},{"start":{"line":133,"column":42},"end":{"line":133,"column":45}}]},"69":{"loc":{"start":{"line":138,"column":4},"end":{"line":141,"column":5}},"type":"if","locations":[{"start":{"line":138,"column":4},"end":{"line":141,"column":5}},{"start":{},"end":{}}]},"70":{"loc":{"start":{"line":142,"column":4},"end":{"line":142,"column":50}},"type":"if","locations":[{"start":{"line":142,"column":4},"end":{"line":142,"column":50}},{"start":{},"end":{}}]},"71":{"loc":{"start":{"line":147,"column":12},"end":{"line":147,"column":70}},"type":"cond-expr","locations":[{"start":{"line":147,"column":51},"end":{"line":147,"column":55}},{"start":{"line":147,"column":55},"end":{"line":147,"column":70}}]},"72":{"loc":{"start":{"line":147,"column":12},"end":{"line":147,"column":55}},"type":"binary-expr","locations":[{"start":{"line":147,"column":12},"end":{"line":147,"column":55}},{"start":{"line":147,"column":51},"end":{"line":147,"column":55}}]},"73":{"loc":{"start":{"line":147,"column":12},"end":{"line":147,"column":51}},"type":"cond-expr","locations":[{"start":{"line":147,"column":37},"end":{"line":147,"column":41}},{"start":{"line":147,"column":41},"end":{"line":147,"column":51}}]},"74":{"loc":{"start":{"line":147,"column":12},"end":{"line":147,"column":41}},"type":"binary-expr","locations":[{"start":{"line":147,"column":12},"end":{"line":147,"column":41}},{"start":{"line":147,"column":37},"end":{"line":147,"column":41}}]},"75":{"loc":{"start":{"line":147,"column":12},"end":{"line":147,"column":37}},"type":"cond-expr","locations":[{"start":{"line":147,"column":29},"end":{"line":147,"column":31}},{"start":{"line":147,"column":29},"end":{"line":147,"column":37}}]},"76":{"loc":{"start":{"line":147,"column":12},"end":{"line":147,"column":31}},"type":"binary-expr","locations":[{"start":{"line":147,"column":12},"end":{"line":147,"column":31}},{"start":{"line":147,"column":29},"end":{"line":147,"column":31}}]},"77":{"loc":{"start":{"line":147,"column":12},"end":{"line":147,"column":29}},"type":"cond-expr","locations":[{"start":{"line":147,"column":23},"end":{"line":147,"column":25}},{"start":{"line":147,"column":23},"end":{"line":147,"column":29}}]},"78":{"loc":{"start":{"line":147,"column":12},"end":{"line":147,"column":25}},"type":"binary-expr","locations":[{"start":{"line":147,"column":12},"end":{"line":147,"column":25}},{"start":{"line":147,"column":23},"end":{"line":147,"column":25}}]},"79":{"loc":{"start":{"line":147,"column":12},"end":{"line":147,"column":23}},"type":"cond-expr","locations":[{"start":{"line":147,"column":13},"end":{"line":147,"column":15}},{"start":{"line":147,"column":12},"end":{"line":147,"column":23}}]},"80":{"loc":{"start":{"line":147,"column":12},"end":{"line":147,"column":15}},"type":"binary-expr","locations":[{"start":{"line":147,"column":12},"end":{"line":147,"column":15}},{"start":{"line":147,"column":12},"end":{"line":147,"column":15}}]},"81":{"loc":{"start":{"line":147,"column":41},"end":{"line":147,"column":51}},"type":"cond-expr","locations":[{"start":{"line":147,"column":42},"end":{"line":147,"column":44}},{"start":{"line":147,"column":41},"end":{"line":147,"column":51}}]},"82":{"loc":{"start":{"line":147,"column":41},"end":{"line":147,"column":44}},"type":"binary-expr","locations":[{"start":{"line":147,"column":41},"end":{"line":147,"column":44}},{"start":{"line":147,"column":41},"end":{"line":147,"column":44}}]},"83":{"loc":{"start":{"line":152,"column":4},"end":{"line":152,"column":55}},"type":"binary-expr","locations":[{"start":{"line":152,"column":4},"end":{"line":152,"column":48}},{"start":{"line":152,"column":52},"end":{"line":152,"column":55}}]},"84":{"loc":{"start":{"line":152,"column":5},"end":{"line":152,"column":16}},"type":"cond-expr","locations":[{"start":{"line":152,"column":5},"end":{"line":152,"column":9}},{"start":{"line":152,"column":13},"end":{"line":152,"column":16}}]},"85":{"loc":{"start":{"line":152,"column":5},"end":{"line":152,"column":13}},"type":"binary-expr","locations":[{"start":{"line":152,"column":5},"end":{"line":152,"column":13}},{"start":{"line":152,"column":5},"end":{"line":152,"column":13}}]},"86":{"loc":{"start":{"line":168,"column":11},"end":{"line":171,"column":null}},"type":"binary-expr","locations":[{"start":{"line":168,"column":11},"end":{"line":168,"column":18}},{"start":{"line":169,"column":12},"end":{"line":170,"column":null}}]},"87":{"loc":{"start":{"line":170,"column":15},"end":{"line":170,"column":60}},"type":"cond-expr","locations":[{"start":{"line":170,"column":33},"end":{"line":170,"column":40}},{"start":{"line":170,"column":43},"end":{"line":170,"column":60}}]},"88":{"loc":{"start":{"line":176,"column":7},"end":{"line":264,"column":null}},"type":"cond-expr","locations":[{"start":{"line":177,"column":8},"end":{"line":177,"column":46}},{"start":{"line":178,"column":10},"end":{"line":264,"column":null}}]},"89":{"loc":{"start":{"line":178,"column":10},"end":{"line":264,"column":null}},"type":"cond-expr","locations":[{"start":{"line":179,"column":8},"end":{"line":179,"column":44}},{"start":{"line":181,"column":8},"end":{"line":263,"column":null}}]},"90":{"loc":{"start":{"line":182,"column":11},"end":{"line":239,"column":null}},"type":"cond-expr","locations":[{"start":{"line":183,"column":12},"end":{"line":183,"column":79}},{"start":{"line":185,"column":12},"end":{"line":238,"column":null}}]},"91":{"loc":{"start":{"line":195,"column":25},"end":{"line":195,"column":45}},"type":"cond-expr","locations":[{"start":{"line":195,"column":36},"end":{"line":195,"column":40}},{"start":{"line":195,"column":40},"end":{"line":195,"column":45}}]},"92":{"loc":{"start":{"line":195,"column":25},"end":{"line":195,"column":40}},"type":"binary-expr","locations":[{"start":{"line":195,"column":25},"end":{"line":195,"column":40}},{"start":{"line":195,"column":36},"end":{"line":195,"column":40}}]},"93":{"loc":{"start":{"line":203,"column":47},"end":{"line":203,"column":63}},"type":"cond-expr","locations":[{"start":{"line":203,"column":56},"end":{"line":203,"column":60}},{"start":{"line":203,"column":60},"end":{"line":203,"column":63}}]},"94":{"loc":{"start":{"line":203,"column":47},"end":{"line":203,"column":60}},"type":"binary-expr","locations":[{"start":{"line":203,"column":47},"end":{"line":203,"column":60}},{"start":{"line":203,"column":56},"end":{"line":203,"column":60}}]},"95":{"loc":{"start":{"line":207,"column":47},"end":{"line":207,"column":63}},"type":"cond-expr","locations":[{"start":{"line":207,"column":56},"end":{"line":207,"column":60}},{"start":{"line":207,"column":60},"end":{"line":207,"column":63}}]},"96":{"loc":{"start":{"line":207,"column":47},"end":{"line":207,"column":60}},"type":"binary-expr","locations":[{"start":{"line":207,"column":47},"end":{"line":207,"column":60}},{"start":{"line":207,"column":56},"end":{"line":207,"column":60}}]},"97":{"loc":{"start":{"line":212,"column":25},"end":{"line":212,"column":50}},"type":"cond-expr","locations":[{"start":{"line":212,"column":43},"end":{"line":212,"column":47}},{"start":{"line":212,"column":47},"end":{"line":212,"column":50}}]},"98":{"loc":{"start":{"line":212,"column":25},"end":{"line":212,"column":47}},"type":"binary-expr","locations":[{"start":{"line":212,"column":25},"end":{"line":212,"column":47}},{"start":{"line":212,"column":43},"end":{"line":212,"column":47}}]},"99":{"loc":{"start":{"line":217,"column":47},"end":{"line":217,"column":64}},"type":"cond-expr","locations":[{"start":{"line":217,"column":57},"end":{"line":217,"column":61}},{"start":{"line":217,"column":61},"end":{"line":217,"column":64}}]},"100":{"loc":{"start":{"line":217,"column":47},"end":{"line":217,"column":61}},"type":"binary-expr","locations":[{"start":{"line":217,"column":47},"end":{"line":217,"column":61}},{"start":{"line":217,"column":57},"end":{"line":217,"column":61}}]},"101":{"loc":{"start":{"line":221,"column":19},"end":{"line":235,"column":null}},"type":"binary-expr","locations":[{"start":{"line":221,"column":19},"end":{"line":221,"column":26}},{"start":{"line":222,"column":20},"end":{"line":234,"column":null}}]},"102":{"loc":{"start":{"line":241,"column":11},"end":{"line":262,"column":null}},"type":"binary-expr","locations":[{"start":{"line":241,"column":11},"end":{"line":241,"column":37}},{"start":{"line":242,"column":12},"end":{"line":261,"column":null}}]},"103":{"loc":{"start":{"line":267,"column":7},"end":{"line":277,"column":null}},"type":"binary-expr","locations":[{"start":{"line":267,"column":7},"end":{"line":267,"column":22}},{"start":{"line":268,"column":8},"end":{"line":276,"column":null}}]},"104":{"loc":{"start":{"line":280,"column":7},"end":{"line":283,"column":null}},"type":"binary-expr","locations":[{"start":{"line":280,"column":7},"end":{"line":280,"column":18}},{"start":{"line":281,"column":8},"end":{"line":282,"column":null}}]},"105":{"loc":{"start":{"line":286,"column":7},"end":{"line":297,"column":null}},"type":"binary-expr","locations":[{"start":{"line":286,"column":7},"end":{"line":286,"column":24}},{"start":{"line":287,"column":8},"end":{"line":296,"column":null}}]}},"s":{"0":2,"1":2,"2":2,"3":2,"4":2,"5":2,"6":2,"7":6,"8":6,"9":6,"10":6,"11":6,"12":6,"13":6,"14":6,"15":6,"16":6,"17":6,"18":6,"19":2,"20":2,"21":2,"22":2,"23":2,"24":2,"25":0,"26":2,"27":6,"28":2,"29":6,"30":4,"31":4,"32":4,"33":0,"34":0,"35":0,"36":0,"37":0,"38":0,"39":0,"40":0,"41":6,"42":3,"43":6,"44":6,"45":4,"46":4,"47":6,"48":0,"49":6,"50":0,"51":0,"52":0,"53":0,"54":0,"55":0,"56":0,"57":6,"58":0,"59":0,"60":0,"61":0,"62":0,"63":0,"64":0,"65":0,"66":0,"67":0,"68":0,"69":0,"70":0,"71":6,"72":0,"73":0,"74":0,"75":0,"76":0,"77":0,"78":0,"79":0,"80":0,"81":0,"82":0,"83":0,"84":6,"85":0,"86":0,"87":0,"88":0,"89":0,"90":0,"91":0,"92":0,"93":0,"94":0,"95":0,"96":0,"97":6,"98":2,"99":6,"100":0,"101":2,"102":0,"103":0,"104":0,"105":0,"106":0,"107":0,"108":0,"109":0},"f":{"0":6,"1":2,"2":2,"3":2,"4":4,"5":0,"6":3,"7":4,"8":0,"9":0,"10":0,"11":0,"12":0,"13":0,"14":0,"15":0,"16":0,"17":0,"18":0,"19":0,"20":0,"21":0,"22":2,"23":0,"24":2,"25":0,"26":0,"27":0,"28":0,"29":0,"30":0,"31":0,"32":0},"b":{"0":[6,0],"1":[6,0],"2":[0,0],"3":[0,0],"4":[0,0],"5":[0,0],"6":[4,0],"7":[0,0],"8":[0,0],"9":[0,0],"10":[0,0],"11":[0,0],"12":[0,0],"13":[0,0],"14":[0,0],"15":[0,0],"16":[0,0],"17":[0,0,0,0,0,0],"18":[0,0],"19":[0,0],"20":[0,0],"21":[0,0],"22":[0,0],"23":[0,0],"24":[0,0],"25":[0,0],"26":[0,0],"27":[0,0],"28":[0,0],"29":[0,0],"30":[0,0],"31":[0,0],"32":[0,0],"33":[0,0],"34":[0,0],"35":[0,0],"36":[0,0],"37":[0,0],"38":[0,0],"39":[0,0],"40":[0,0],"41":[0,0],"42":[0,0],"43":[0,0],"44":[0,0],"45":[0,0],"46":[0,0],"47":[0,0],"48":[0,0],"49":[0,0],"50":[0,0],"51":[0,0],"52":[0,0],"53":[0,0],"54":[0,0],"55":[0,0],"56":[0,0],"57":[0,0],"58":[0,0],"59":[0,0],"60":[0,0],"61":[0,0],"62":[0,0],"63":[0,0],"64":[0,0],"65":[0,0],"66":[0,0],"67":[0,0],"68":[0,0],"69":[0,0],"70":[0,0],"71":[0,0],"72":[0,0],"73":[0,0],"74":[0,0],"75":[0,0],"76":[0,0],"77":[0,0],"78":[0,0],"79":[0,0],"80":[0,0],"81":[0,0],"82":[0,0],"83":[2,0],"84":[0,2],"85":[2,2],"86":[6,0],"87":[0,0],"88":[2,4],"89":[0,4],"90":[3,1],"91":[2,0],"92":[2,2],"93":[2,0],"94":[2,2],"95":[0,2],"96":[2,2],"97":[2,0],"98":[2,2],"99":[0,2],"100":[2,0],"101":[2,0],"102":[4,0],"103":[6,0],"104":[6,0],"105":[6,0]}}
}
