TN:
SF:src\App.tsx
FN:14,App
FNF:1
FNH:1
FNDA:1,App
DA:1,1
DA:2,1
DA:3,1
DA:4,1
DA:5,1
DA:6,1
DA:7,1
DA:8,1
DA:11,1
DA:12,1
DA:14,1
DA:15,1
LF:12
LH:12
BRF:0
BRH:0
end_of_record
TN:
SF:src\test-utils.tsx
FN:6,renderWithProviders
FNF:1
FNH:1
FNDA:6,renderWithProviders
DA:2,3
DA:3,3
DA:4,3
DA:6,3
DA:10,6
DA:12,6
LF:6
LH:6
BRDA:8,0,0,6
BRDA:8,1,0,6
BRF:2
BRH:2
end_of_record
TN:
SF:src\api\axios.ts
FN:19,(anonymous_8)
FN:38,(anonymous_9)
FN:39,(anonymous_10)
FN:46,(anonymous_11)
FN:47,(anonymous_12)
FN:47,(anonymous_13)
FN:57,(anonymous_14)
FN:59,(anonymous_15)
FNF:8
FNH:1
FNDA:3,(anonymous_8)
FNDA:0,(anonymous_9)
FNDA:0,(anonymous_10)
FNDA:0,(anonymous_11)
FNDA:0,(anonymous_12)
FNDA:0,(anonymous_13)
FNDA:0,(anonymous_14)
FNDA:0,(anonymous_15)
DA:2,8
DA:14,8
DA:19,8
DA:20,3
DA:21,3
DA:22,3
DA:23,0
DA:24,0
DA:25,0
DA:26,0
DA:27,0
DA:32,3
DA:35,8
DA:36,8
DA:38,8
DA:39,0
DA:40,0
DA:41,0
DA:43,0
DA:45,8
DA:46,0
DA:47,0
DA:48,0
DA:49,0
DA:51,0
DA:53,0
DA:54,0
DA:56,0
DA:57,0
DA:58,0
DA:60,0
DA:61,0
DA:62,0
DA:66,0
DA:68,0
DA:69,0
DA:70,0
DA:71,0
DA:74,0
DA:75,0
DA:76,0
DA:77,0
DA:78,0
DA:79,0
DA:81,0
DA:85,0
DA:87,0
DA:88,0
DA:90,0
DA:92,0
DA:93,0
DA:94,0
DA:95,0
DA:97,0
DA:101,0
DA:105,8
LF:56
LH:12
BRDA:22,0,0,0
BRDA:22,0,1,3
BRDA:24,1,0,0
BRDA:24,1,1,0
BRDA:24,2,0,0
BRDA:24,2,1,0
BRDA:25,3,0,0
BRDA:25,3,1,0
BRDA:26,4,0,0
BRDA:26,4,1,0
BRDA:38,5,0,0
BRDA:40,6,0,0
BRDA:40,6,1,0
BRDA:49,7,0,0
BRDA:49,7,1,0
BRDA:51,8,0,0
BRDA:51,8,1,0
BRDA:51,9,0,0
BRDA:51,9,1,0
BRDA:53,10,0,0
BRDA:53,10,1,0
BRDA:53,11,0,0
BRDA:53,11,1,0
BRDA:56,12,0,0
BRDA:56,12,1,0
BRDA:60,13,0,0
BRDA:60,13,1,0
BRDA:60,14,0,0
BRDA:60,14,1,0
BRDA:70,15,0,0
BRDA:70,15,1,0
BRDA:70,16,0,0
BRDA:70,16,1,0
BRDA:71,17,0,0
BRDA:71,17,1,0
BRDA:76,18,0,0
BRDA:76,18,1,0
BRDA:87,19,0,0
BRDA:87,19,1,0
BRDA:87,20,0,0
BRDA:87,20,1,0
BRF:41
BRH:1
end_of_record
TN:
SF:src\api\departmentApi.ts
FN:17,mapBackend
FN:23,mapCreateUpdate
FN:29,getDepartments
FN:34,getDepartmentById
FN:39,createDepartment
FN:45,updateDepartment
FN:51,deleteDepartment
FNF:7
FNH:1
FNDA:0,mapBackend
FNDA:0,mapCreateUpdate
FNDA:2,getDepartments
FNDA:0,getDepartmentById
FNDA:0,createDepartment
FNDA:0,updateDepartment
FNDA:0,deleteDepartment
DA:2,5
DA:18,0
DA:24,0
DA:29,5
DA:30,2
DA:31,0
DA:34,5
DA:35,0
DA:36,0
DA:39,5
DA:40,0
DA:41,0
DA:42,0
DA:45,5
DA:46,0
DA:47,0
DA:48,0
DA:51,5
DA:52,0
LF:19
LH:7
BRDA:19,0,0,0
BRDA:19,0,1,0
BRDA:19,1,0,0
BRDA:19,1,1,0
BRDA:19,2,0,0
BRDA:19,2,1,0
BRDA:19,3,0,0
BRDA:19,3,1,0
BRDA:19,4,0,0
BRDA:19,4,1,0
BRDA:19,5,0,0
BRDA:19,5,1,0
BRDA:20,6,0,0
BRDA:20,6,1,0
BRDA:20,7,0,0
BRDA:20,7,1,0
BRDA:20,8,0,0
BRDA:20,8,1,0
BRDA:20,9,0,0
BRDA:20,9,1,0
BRF:20
BRH:0
end_of_record
TN:
SF:src\api\employeeApi.ts
FN:20,mapBackendToFrontend
FN:50,getEmployees
FN:57,getEmployeeById
FN:62,createEmployee
FN:84,updateEmployee
FN:109,deleteEmployee
FNF:6
FNH:0
FNDA:0,mapBackendToFrontend
FNDA:0,getEmployees
FNDA:0,getEmployeeById
FNDA:0,createEmployee
FNDA:0,updateEmployee
FNDA:0,deleteEmployee
DA:2,2
DA:21,0
DA:25,0
DA:26,0
DA:28,0
DA:29,0
DA:30,0
DA:33,0
DA:35,0
DA:50,2
DA:51,0
DA:54,0
DA:57,2
DA:58,0
DA:59,0
DA:62,2
DA:71,0
DA:80,0
DA:81,0
DA:84,2
DA:96,0
DA:97,0
DA:98,0
DA:99,0
DA:100,0
DA:101,0
DA:102,0
DA:103,0
DA:105,0
DA:106,0
DA:109,2
DA:110,0
LF:32
LH:6
BRDA:21,0,0,0
BRDA:21,0,1,0
BRDA:21,1,0,0
BRDA:21,1,1,0
BRDA:21,2,0,0
BRDA:21,2,1,0
BRDA:21,3,0,0
BRDA:21,3,1,0
BRDA:21,4,0,0
BRDA:21,4,1,0
BRDA:21,5,0,0
BRDA:21,5,1,0
BRDA:25,6,0,0
BRDA:25,6,1,0
BRDA:25,7,0,0
BRDA:25,7,1,0
BRDA:25,8,0,0
BRDA:25,8,1,0
BRDA:25,9,0,0
BRDA:25,9,1,0
BRDA:25,10,0,0
BRDA:25,10,1,0
BRDA:25,11,0,0
BRDA:25,11,1,0
BRDA:25,12,0,0
BRDA:25,12,1,0
BRDA:25,13,0,0
BRDA:25,13,1,0
BRDA:26,14,0,0
BRDA:26,14,1,0
BRDA:26,15,0,0
BRDA:26,15,1,0
BRDA:26,16,0,0
BRDA:26,16,1,0
BRDA:26,17,0,0
BRDA:26,17,1,0
BRDA:26,18,0,0
BRDA:26,18,1,0
BRDA:26,19,0,0
BRDA:26,19,1,0
BRDA:26,20,0,0
BRDA:26,20,1,0
BRDA:26,21,0,0
BRDA:26,21,1,0
BRDA:28,22,0,0
BRDA:28,22,1,0
BRDA:28,23,0,0
BRDA:28,23,1,0
BRDA:29,24,0,0
BRDA:29,24,1,0
BRDA:29,25,0,0
BRDA:29,25,1,0
BRDA:29,26,0,0
BRDA:29,26,1,0
BRDA:29,27,0,0
BRDA:29,27,1,0
BRDA:30,28,0,0
BRDA:30,28,1,0
BRDA:33,29,0,0
BRDA:33,29,1,0
BRDA:33,29,2,0
BRDA:33,30,0,0
BRDA:33,30,1,0
BRDA:38,31,0,0
BRDA:38,31,1,0
BRDA:39,32,0,0
BRDA:39,32,1,0
BRDA:40,33,0,0
BRDA:40,33,1,0
BRDA:40,34,0,0
BRDA:40,34,1,0
BRDA:40,35,0,0
BRDA:40,35,1,0
BRDA:40,36,0,0
BRDA:40,36,1,0
BRDA:41,37,0,0
BRDA:41,37,1,0
BRDA:41,38,0,0
BRDA:41,38,1,0
BRDA:41,39,0,0
BRDA:41,39,1,0
BRDA:41,40,0,0
BRDA:41,40,1,0
BRDA:41,41,0,0
BRDA:41,41,1,0
BRDA:41,42,0,0
BRDA:41,42,1,0
BRDA:41,43,0,0
BRDA:41,43,1,0
BRDA:41,44,0,0
BRDA:41,44,1,0
BRDA:42,45,0,0
BRDA:42,45,1,0
BRDA:42,46,0,0
BRDA:42,46,1,0
BRDA:42,47,0,0
BRDA:42,47,1,0
BRDA:42,48,0,0
BRDA:42,48,1,0
BRDA:43,49,0,0
BRDA:43,49,1,0
BRDA:43,50,0,0
BRDA:43,50,1,0
BRDA:43,51,0,0
BRDA:43,51,1,0
BRDA:43,52,0,0
BRDA:43,52,1,0
BRDA:44,53,0,0
BRDA:44,53,1,0
BRDA:44,54,0,0
BRDA:44,54,1,0
BRDA:44,55,0,0
BRDA:44,55,1,0
BRDA:44,56,0,0
BRDA:44,56,1,0
BRDA:45,57,0,0
BRDA:45,57,1,0
BRDA:45,58,0,0
BRDA:45,58,1,0
BRDA:45,59,0,0
BRDA:45,59,1,0
BRDA:45,60,0,0
BRDA:45,60,1,0
BRDA:54,61,0,0
BRDA:54,61,1,0
BRDA:54,62,0,0
BRDA:54,62,1,0
BRDA:59,63,0,0
BRDA:59,63,1,0
BRDA:59,64,0,0
BRDA:59,64,1,0
BRDA:81,65,0,0
BRDA:81,65,1,0
BRDA:81,66,0,0
BRDA:81,66,1,0
BRDA:81,67,0,0
BRDA:81,67,1,0
BRDA:97,68,0,0
BRDA:97,68,1,0
BRDA:98,69,0,0
BRDA:98,69,1,0
BRDA:99,70,0,0
BRDA:99,70,1,0
BRDA:100,71,0,0
BRDA:100,71,1,0
BRDA:101,72,0,0
BRDA:101,72,1,0
BRDA:102,73,0,0
BRDA:102,73,1,0
BRDA:103,74,0,0
BRDA:103,74,1,0
BRDA:106,75,0,0
BRDA:106,75,1,0
BRDA:106,76,0,0
BRDA:106,76,1,0
BRDA:106,77,0,0
BRDA:106,77,1,0
BRF:157
BRH:0
end_of_record
TN:
SF:src\components\Navbar.tsx
FN:4,Navbar
FN:8,(anonymous_1)
FNF:2
FNH:1
FNDA:2,Navbar
FNDA:0,(anonymous_1)
DA:1,1
DA:2,1
DA:4,1
DA:5,2
DA:6,2
DA:8,2
DA:9,0
DA:10,0
DA:13,2
LF:9
LH:7
BRDA:19,0,0,2
BRDA:19,0,1,0
BRDA:28,1,0,0
BRDA:28,1,1,2
BRF:4
BRH:2
end_of_record
TN:
SF:src\components\ProtectedRoute.tsx
FN:11,(anonymous_0)
FNF:1
FNH:1
FNDA:1,(anonymous_0)
DA:3,1
DA:4,1
DA:11,1
DA:12,1
DA:14,1
DA:16,0
DA:18,0
DA:21,1
LF:8
LH:6
BRDA:14,0,0,1
BRDA:14,0,1,0
BRDA:16,1,0,0
BRDA:16,1,1,0
BRDA:16,2,0,0
BRDA:16,2,1,0
BRF:6
BRH:1
end_of_record
TN:
SF:src\context\AuthContext.tsx
FN:18,(anonymous_8)
FN:19,(anonymous_9)
FN:32,(anonymous_10)
FN:34,(anonymous_11)
FN:34,(anonymous_12)
FN:66,(anonymous_13)
FN:66,(anonymous_14)
FN:88,useAuth
FNF:8
FNH:6
FNDA:9,(anonymous_8)
FNDA:9,(anonymous_9)
FNDA:9,(anonymous_10)
FNDA:1,(anonymous_11)
FNDA:1,(anonymous_12)
FNDA:0,(anonymous_13)
FNDA:0,(anonymous_14)
FNDA:37,useAuth
DA:1,5
DA:2,5
DA:16,5
DA:18,5
DA:19,9
DA:20,9
DA:21,9
DA:22,0
DA:23,0
DA:24,0
DA:25,0
DA:27,0
DA:29,0
DA:32,9
DA:34,9
DA:35,1
DA:40,0
DA:41,0
DA:42,0
DA:44,0
DA:45,0
DA:48,0
DA:50,0
DA:56,0
DA:57,0
DA:58,0
DA:61,0
DA:63,0
DA:66,9
DA:67,0
DA:68,0
DA:72,0
DA:73,0
DA:74,0
DA:76,0
DA:77,0
DA:79,0
DA:85,9
DA:88,5
DA:89,37
DA:90,37
DA:91,37
LF:42
LH:16
BRDA:21,0,0,9
BRDA:21,0,1,0
BRDA:24,1,0,0
BRDA:24,1,1,0
BRDA:24,2,0,0
BRDA:24,2,1,0
BRDA:24,3,0,0
BRDA:24,3,1,0
BRDA:40,4,0,0
BRDA:40,4,1,0
BRDA:40,5,0,0
BRDA:40,5,1,0
BRDA:42,6,0,0
BRDA:42,6,1,0
BRDA:42,7,0,0
BRDA:42,7,1,0
BRDA:44,8,0,0
BRDA:44,8,1,0
BRDA:45,9,0,0
BRDA:45,9,1,0
BRDA:45,10,0,0
BRDA:45,10,1,0
BRDA:48,11,0,0
BRDA:48,11,1,0
BRDA:48,12,0,0
BRDA:48,12,1,0
BRDA:90,13,0,0
BRDA:90,13,1,37
BRF:28
BRH:2
end_of_record
TN:
SF:src\pages\Dashboard.tsx
FN:3,Dashboard
FNF:1
FNH:0
FNDA:0,Dashboard
DA:1,1
DA:3,1
DA:4,0
DA:5,0
DA:7,0
LF:5
LH:2
BRDA:5,0,0,0
BRDA:5,0,1,0
BRDA:5,1,0,0
BRDA:5,1,1,0
BRDA:5,2,0,0
BRDA:5,2,1,0
BRDA:5,3,0,0
BRDA:5,3,1,0
BRF:8
BRH:0
end_of_record
TN:
SF:src\pages\Login.tsx
FN:5,Login
FN:14,(anonymous_8)
FN:14,(anonymous_9)
FN:42,(anonymous_10)
FN:51,(anonymous_11)
FNF:5
FNH:5
FNDA:19,Login
FNDA:1,(anonymous_8)
FNDA:1,(anonymous_9)
FNDA:10,(anonymous_10)
FNDA:5,(anonymous_11)
DA:1,2
DA:2,2
DA:3,2
DA:4,2
DA:5,2
DA:6,19
DA:7,19
DA:9,19
DA:10,19
DA:11,19
DA:12,19
DA:14,19
DA:15,1
DA:16,1
DA:17,1
DA:19,1
DA:20,1
DA:21,0
DA:25,0
DA:26,0
DA:28,0
DA:32,19
DA:42,10
DA:51,5
LF:24
LH:20
BRDA:21,0,0,0
BRDA:21,0,1,0
BRDA:26,1,0,0
BRDA:26,1,1,0
BRDA:26,2,0,0
BRDA:26,2,1,0
BRDA:26,3,0,0
BRDA:26,3,1,0
BRDA:26,4,0,0
BRDA:26,4,1,0
BRDA:26,5,0,0
BRDA:26,5,1,0
BRDA:26,6,0,0
BRDA:26,6,1,0
BRDA:26,7,0,0
BRDA:26,7,1,0
BRDA:26,8,0,0
BRDA:26,8,1,0
BRDA:55,9,0,19
BRDA:55,9,1,0
BRDA:58,10,0,1
BRDA:58,10,1,18
BRF:22
BRH:3
end_of_record
TN:
SF:src\pages\Departments\DepartmentForm.tsx
FN:13,DepartmentForm
FN:20,(anonymous_8)
FN:27,(anonymous_9)
FN:34,(anonymous_10)
FN:34,(anonymous_11)
FN:72,(anonymous_12)
FN:81,(anonymous_13)
FNF:7
FNH:3
FNDA:3,DepartmentForm
FNDA:3,(anonymous_8)
FNDA:2,(anonymous_9)
FNDA:0,(anonymous_10)
FNDA:0,(anonymous_11)
FNDA:0,(anonymous_12)
FNDA:0,(anonymous_13)
DA:1,3
DA:2,3
DA:3,3
DA:13,3
DA:14,3
DA:15,3
DA:16,3
DA:17,3
DA:18,3
DA:20,3
DA:21,3
DA:22,3
DA:23,3
DA:24,3
DA:27,3
DA:28,2
DA:29,2
DA:30,2
DA:31,2
DA:34,3
DA:35,0
DA:36,0
DA:38,0
DA:39,0
DA:41,0
DA:42,0
DA:43,0
DA:44,0
DA:45,0
DA:47,0
DA:48,0
DA:49,0
DA:52,0
DA:54,0
DA:58,3
DA:60,3
DA:72,0
DA:81,0
LF:38
LH:22
BRDA:13,0,0,3
BRDA:15,1,0,3
BRDA:15,1,1,0
BRDA:15,2,0,3
BRDA:15,2,1,0
BRDA:21,3,0,3
BRDA:21,3,1,1
BRDA:22,4,0,2
BRDA:22,4,1,1
BRDA:22,5,0,3
BRDA:22,5,1,3
BRDA:22,6,0,0
BRDA:22,6,1,3
BRDA:22,7,0,3
BRDA:22,7,1,3
BRDA:23,8,0,0
BRDA:23,8,1,3
BRDA:23,9,0,3
BRDA:23,9,1,3
BRDA:23,10,0,0
BRDA:23,10,1,3
BRDA:23,11,0,3
BRDA:23,11,1,3
BRDA:24,12,0,3
BRDA:24,12,1,1
BRDA:24,13,0,0
BRDA:24,13,1,1
BRDA:28,14,0,2
BRDA:28,14,1,1
BRDA:29,15,0,1
BRDA:29,15,1,1
BRDA:29,16,0,2
BRDA:29,16,1,2
BRDA:29,17,0,1
BRDA:29,17,1,1
BRDA:29,18,0,2
BRDA:29,18,1,2
BRDA:35,19,0,0
BRDA:35,19,1,0
BRDA:35,20,0,0
BRDA:35,20,1,0
BRDA:38,21,0,0
BRDA:38,21,1,0
BRDA:39,22,0,0
BRDA:39,22,1,0
BRDA:43,23,0,0
BRDA:43,23,1,0
BRDA:45,24,0,0
BRDA:45,24,1,0
BRDA:45,25,0,0
BRDA:45,25,1,0
BRDA:47,26,0,0
BRDA:47,26,1,0
BRDA:47,27,0,0
BRDA:47,27,1,0
BRDA:47,28,0,0
BRDA:47,28,1,0
BRDA:49,29,0,0
BRDA:49,29,1,0
BRDA:49,30,0,0
BRDA:49,30,1,0
BRDA:52,31,0,0
BRDA:52,31,1,0
BRDA:52,32,0,0
BRDA:52,32,1,0
BRDA:52,33,0,0
BRDA:52,33,1,0
BRDA:52,34,0,0
BRDA:52,34,1,0
BRDA:52,35,0,0
BRDA:52,35,1,0
BRDA:52,36,0,0
BRDA:52,36,1,0
BRDA:52,37,0,0
BRDA:52,37,1,0
BRDA:52,38,0,0
BRDA:52,38,1,0
BRDA:52,39,0,0
BRDA:52,39,1,0
BRDA:52,40,0,0
BRDA:52,40,1,0
BRDA:52,41,0,0
BRDA:52,41,1,0
BRDA:52,42,0,0
BRDA:52,42,1,0
BRDA:62,43,0,2
BRDA:62,43,1,1
BRDA:68,44,0,3
BRDA:68,44,1,0
BRDA:72,45,0,3
BRDA:72,45,1,0
BRDA:75,46,0,3
BRDA:75,46,1,0
BRDA:78,47,0,3
BRDA:78,47,1,3
BRDA:79,48,0,0
BRDA:79,48,1,3
BRDA:81,49,0,0
BRDA:81,49,1,0
BRDA:81,50,0,0
BRDA:81,50,1,0
BRF:101
BRH:39
end_of_record
TN:
SF:src\pages\Departments\DepartmentList.tsx
FN:8,DepartmentList
FN:20,(anonymous_9)
FN:20,(anonymous_10)
FN:29,(anonymous_11)
FN:31,(anonymous_12)
FN:34,(anonymous_13)
FN:37,(anonymous_14)
FN:38,(anonymous_15)
FN:40,(anonymous_16)
FN:41,(anonymous_17)
FN:42,(anonymous_18)
FN:43,(anonymous_19)
FN:49,(anonymous_20)
FN:49,(anonymous_21)
FN:54,(anonymous_22)
FN:54,(anonymous_23)
FN:67,(anonymous_24)
FN:99,(anonymous_25)
FN:105,(anonymous_26)
FN:106,(anonymous_27)
FN:129,(anonymous_28)
FNF:21
FNH:6
FNDA:6,DepartmentList
FNDA:2,(anonymous_9)
FNDA:2,(anonymous_10)
FNDA:2,(anonymous_11)
FNDA:4,(anonymous_12)
FNDA:0,(anonymous_13)
FNDA:0,(anonymous_14)
FNDA:0,(anonymous_15)
FNDA:0,(anonymous_16)
FNDA:0,(anonymous_17)
FNDA:0,(anonymous_18)
FNDA:0,(anonymous_19)
FNDA:0,(anonymous_20)
FNDA:0,(anonymous_21)
FNDA:0,(anonymous_22)
FNDA:0,(anonymous_23)
FNDA:0,(anonymous_24)
FNDA:2,(anonymous_25)
FNDA:0,(anonymous_26)
FNDA:0,(anonymous_27)
FNDA:0,(anonymous_28)
DA:2,2
DA:3,2
DA:4,2
DA:5,2
DA:6,2
DA:8,2
DA:9,6
DA:10,6
DA:12,6
DA:13,6
DA:14,6
DA:15,6
DA:16,6
DA:17,6
DA:18,6
DA:20,6
DA:21,2
DA:22,2
DA:23,2
DA:24,2
DA:25,0
DA:26,2
DA:29,6
DA:31,6
DA:32,4
DA:33,4
DA:34,0
DA:37,6
DA:38,6
DA:40,6
DA:41,0
DA:42,0
DA:43,0
DA:44,0
DA:46,0
DA:49,6
DA:50,0
DA:51,0
DA:52,0
DA:53,0
DA:54,0
DA:55,0
DA:58,6
DA:67,0
DA:100,2
DA:105,0
DA:106,0
DA:129,0
LF:48
LH:31
BRDA:10,0,0,6
BRDA:10,0,1,0
BRDA:10,1,0,6
BRDA:10,1,1,0
BRDA:25,2,0,0
BRDA:25,2,1,0
BRDA:25,3,0,0
BRDA:25,3,1,0
BRDA:25,4,0,0
BRDA:25,4,1,0
BRDA:25,5,0,0
BRDA:25,5,1,0
BRDA:33,6,0,4
BRDA:33,6,1,0
BRDA:43,7,0,0
BRDA:43,7,1,0
BRDA:43,8,0,0
BRDA:43,8,1,0
BRDA:50,9,0,0
BRDA:50,9,1,0
BRDA:51,10,0,0
BRDA:51,10,1,0
BRDA:55,11,0,0
BRDA:55,11,1,0
BRDA:55,12,0,0
BRDA:55,12,1,0
BRDA:55,13,0,0
BRDA:55,13,1,0
BRDA:55,14,0,0
BRDA:55,14,1,0
BRDA:71,15,0,6
BRDA:71,15,1,0
BRDA:78,16,0,2
BRDA:78,16,1,4
BRDA:80,17,0,0
BRDA:80,17,1,4
BRDA:89,18,0,4
BRDA:89,18,1,0
BRDA:93,19,0,3
BRDA:93,19,1,1
BRDA:95,20,0,0
BRDA:95,20,1,3
BRDA:103,21,0,0
BRDA:103,21,1,2
BRDA:119,22,0,6
BRDA:119,22,1,0
BRDA:123,23,0,0
BRDA:123,23,1,0
BRDA:127,24,0,0
BRDA:127,24,1,0
BRDA:127,25,0,0
BRDA:127,25,1,0
BRF:52
BRH:13
end_of_record
TN:
SF:src\pages\Employees\EmployeeForm.tsx
FN:21,EmployeeForm
FN:34,(anonymous_8)
FN:48,(anonymous_9)
FN:72,(anonymous_10)
FN:73,(anonymous_11)
FN:73,(anonymous_12)
FN:76,(anonymous_13)
FN:83,(anonymous_14)
FN:91,(anonymous_15)
FN:91,(anonymous_16)
FN:131,(anonymous_17)
FN:136,(anonymous_18)
FN:141,(anonymous_19)
FN:146,(anonymous_20)
FN:151,(anonymous_21)
FN:156,(anonymous_22)
FN:166,(anonymous_23)
FN:168,(anonymous_24)
FN:182,(anonymous_25)
FNF:19
FNH:6
FNDA:3,EmployeeForm
FNDA:3,(anonymous_8)
FNDA:2,(anonymous_9)
FNDA:2,(anonymous_10)
FNDA:2,(anonymous_11)
FNDA:2,(anonymous_12)
FNDA:0,(anonymous_13)
FNDA:0,(anonymous_14)
FNDA:0,(anonymous_15)
FNDA:0,(anonymous_16)
FNDA:0,(anonymous_17)
FNDA:0,(anonymous_18)
FNDA:0,(anonymous_19)
FNDA:0,(anonymous_20)
FNDA:0,(anonymous_21)
FNDA:0,(anonymous_22)
FNDA:0,(anonymous_23)
FNDA:0,(anonymous_24)
FNDA:0,(anonymous_25)
DA:1,3
DA:2,3
DA:21,3
DA:22,3
DA:23,3
DA:24,3
DA:25,3
DA:26,3
DA:27,3
DA:28,3
DA:29,3
DA:30,3
DA:31,3
DA:34,3
DA:35,3
DA:36,3
DA:37,3
DA:38,3
DA:39,3
DA:40,3
DA:41,1
DA:42,1
DA:43,1
DA:44,1
DA:48,3
DA:49,2
DA:51,2
DA:52,2
DA:54,2
DA:55,1
DA:56,1
DA:57,0
DA:58,0
DA:59,0
DA:63,2
DA:64,2
DA:65,2
DA:66,2
DA:67,2
DA:68,2
DA:69,2
DA:72,3
DA:73,2
DA:74,2
DA:75,2
DA:76,0
DA:78,0
DA:83,3
DA:84,0
DA:85,0
DA:86,0
DA:87,0
DA:88,0
DA:91,3
DA:92,0
DA:93,0
DA:94,0
DA:95,0
DA:96,0
DA:97,0
DA:99,0
DA:100,0
DA:101,0
DA:111,0
DA:113,0
DA:118,3
DA:120,3
DA:131,0
DA:136,0
DA:141,0
DA:146,0
DA:151,0
DA:156,0
DA:166,0
DA:169,0
DA:182,0
LF:76
LH:46
BRDA:21,0,0,3
BRDA:21,1,0,3
BRDA:35,2,0,3
BRDA:35,2,1,1
BRDA:36,3,0,0
BRDA:36,3,1,3
BRDA:36,4,0,3
BRDA:36,4,1,3
BRDA:36,5,0,0
BRDA:36,5,1,3
BRDA:36,6,0,3
BRDA:36,6,1,3
BRDA:36,7,0,0
BRDA:36,7,1,3
BRDA:36,8,0,3
BRDA:36,8,1,3
BRDA:36,9,0,0
BRDA:36,9,1,3
BRDA:36,10,0,3
BRDA:36,10,1,3
BRDA:37,11,0,2
BRDA:37,11,1,1
BRDA:37,12,0,3
BRDA:37,12,1,3
BRDA:37,13,0,2
BRDA:37,13,1,1
BRDA:37,14,0,3
BRDA:37,14,1,3
BRDA:37,15,0,0
BRDA:37,15,1,3
BRDA:37,16,0,3
BRDA:37,16,1,3
BRDA:38,17,0,2
BRDA:38,17,1,1
BRDA:38,18,0,3
BRDA:38,18,1,3
BRDA:38,19,0,2
BRDA:38,19,1,1
BRDA:38,20,0,3
BRDA:38,20,1,3
BRDA:38,21,0,0
BRDA:38,21,1,3
BRDA:38,22,0,3
BRDA:38,22,1,3
BRDA:39,23,0,0
BRDA:39,23,1,3
BRDA:40,24,0,2
BRDA:40,24,1,1
BRDA:40,25,0,3
BRDA:40,25,1,1
BRDA:41,26,0,0
BRDA:41,26,1,1
BRDA:41,27,0,1
BRDA:41,27,1,1
BRDA:41,28,0,0
BRDA:41,28,1,1
BRDA:41,29,0,1
BRDA:41,29,1,1
BRDA:42,30,0,0
BRDA:42,30,1,1
BRDA:42,31,0,1
BRDA:42,31,1,0
BRDA:43,32,0,0
BRDA:43,32,1,1
BRDA:43,33,0,1
BRDA:43,33,1,1
BRDA:43,34,0,0
BRDA:43,34,1,1
BRDA:43,35,0,1
BRDA:43,35,1,1
BRDA:44,36,0,0
BRDA:44,36,1,1
BRDA:49,37,0,2
BRDA:49,37,1,1
BRDA:51,38,0,1
BRDA:51,38,1,1
BRDA:51,39,0,2
BRDA:51,39,1,2
BRDA:51,40,0,1
BRDA:51,40,1,1
BRDA:51,41,0,2
BRDA:51,41,1,2
BRDA:51,42,0,1
BRDA:51,42,1,1
BRDA:51,43,0,2
BRDA:51,43,1,2
BRDA:52,44,0,1
BRDA:52,44,1,1
BRDA:52,45,0,2
BRDA:52,45,1,2
BRDA:52,46,0,1
BRDA:52,46,1,1
BRDA:52,47,0,2
BRDA:52,47,1,2
BRDA:52,48,0,1
BRDA:52,48,1,1
BRDA:52,49,0,2
BRDA:52,49,1,2
BRDA:54,50,0,1
BRDA:54,50,1,1
BRDA:54,51,0,2
BRDA:54,51,1,1
BRDA:55,52,0,0
BRDA:55,52,1,1
BRDA:55,53,0,1
BRDA:55,53,1,1
BRDA:55,54,0,0
BRDA:55,54,1,1
BRDA:55,55,0,1
BRDA:55,55,1,1
BRDA:55,56,0,0
BRDA:55,56,1,1
BRDA:55,57,0,1
BRDA:55,57,1,1
BRDA:56,58,0,0
BRDA:56,58,1,1
BRDA:58,59,0,0
BRDA:58,59,1,0
BRDA:58,60,0,0
BRDA:58,60,1,0
BRDA:63,61,0,2
BRDA:63,61,1,0
BRDA:63,62,0,2
BRDA:63,62,1,2
BRDA:64,63,0,2
BRDA:64,63,1,0
BRDA:64,64,0,2
BRDA:64,64,1,2
BRDA:65,65,0,1
BRDA:65,65,1,1
BRDA:65,66,0,2
BRDA:65,66,1,2
BRDA:65,67,0,1
BRDA:65,67,1,1
BRDA:65,68,0,2
BRDA:65,68,1,2
BRDA:66,69,0,1
BRDA:66,69,1,1
BRDA:66,70,0,2
BRDA:66,70,1,2
BRDA:66,71,0,1
BRDA:66,71,1,1
BRDA:66,72,0,2
BRDA:66,72,1,2
BRDA:66,73,0,1
BRDA:66,73,1,1
BRDA:66,74,0,2
BRDA:66,74,1,2
BRDA:67,75,0,0
BRDA:67,75,1,2
BRDA:67,76,0,2
BRDA:67,76,1,2
BRDA:67,77,0,0
BRDA:67,77,1,2
BRDA:67,78,0,2
BRDA:67,78,1,2
BRDA:68,79,0,0
BRDA:68,79,1,2
BRDA:68,80,0,2
BRDA:68,80,1,2
BRDA:68,81,0,0
BRDA:68,81,1,2
BRDA:68,82,0,2
BRDA:68,82,1,2
BRDA:69,83,0,0
BRDA:69,83,1,2
BRDA:69,84,0,2
BRDA:69,84,1,2
BRDA:69,85,0,0
BRDA:69,85,1,2
BRDA:69,86,0,2
BRDA:69,86,1,2
BRDA:84,87,0,0
BRDA:84,87,1,0
BRDA:85,88,0,0
BRDA:85,88,1,0
BRDA:86,89,0,0
BRDA:86,89,1,0
BRDA:86,90,0,0
BRDA:86,90,1,0
BRDA:87,91,0,0
BRDA:87,91,1,0
BRDA:87,92,0,0
BRDA:87,92,1,0
BRDA:92,93,0,0
BRDA:92,93,1,0
BRDA:92,94,0,0
BRDA:92,94,1,0
BRDA:95,95,0,0
BRDA:95,95,1,0
BRDA:104,96,0,0
BRDA:104,96,1,0
BRDA:105,97,0,0
BRDA:105,97,1,0
BRDA:107,98,0,0
BRDA:107,98,1,0
BRDA:108,99,0,0
BRDA:108,99,1,0
BRDA:111,100,0,0
BRDA:111,100,1,0
BRDA:111,101,0,0
BRDA:111,101,1,0
BRDA:111,102,0,0
BRDA:111,102,1,0
BRDA:111,103,0,0
BRDA:111,103,1,0
BRDA:111,104,0,0
BRDA:111,104,1,0
BRDA:111,105,0,0
BRDA:111,105,1,0
BRDA:111,106,0,0
BRDA:111,106,1,0
BRDA:111,107,0,0
BRDA:111,107,1,0
BRDA:111,108,0,0
BRDA:111,108,1,0
BRDA:111,109,0,0
BRDA:111,109,1,0
BRDA:111,110,0,0
BRDA:111,110,1,0
BRDA:111,111,0,0
BRDA:111,111,1,0
BRDA:123,112,0,2
BRDA:123,112,1,1
BRDA:156,113,0,3
BRDA:156,113,1,0
BRDA:156,114,0,3
BRDA:156,114,1,3
BRDA:166,115,0,0
BRDA:166,115,1,3
BRDA:166,116,0,3
BRDA:166,116,1,3
BRDA:166,117,0,0
BRDA:166,117,1,0
BRDA:176,118,0,3
BRDA:176,118,1,0
BRDA:179,119,0,3
BRDA:179,119,1,3
BRDA:180,120,0,0
BRDA:180,120,1,3
BRDA:182,121,0,0
BRDA:182,121,1,0
BRDA:182,122,0,0
BRDA:182,122,1,0
BRF:244
BRH:154
end_of_record
TN:
SF:src\pages\Employees\EmployeeList.tsx
FN:15,EmployeeList
FN:30,(anonymous_9)
FN:30,(anonymous_10)
FN:43,(anonymous_11)
FN:47,(anonymous_12)
FN:51,(anonymous_13)
FN:70,(anonymous_14)
FN:75,(anonymous_15)
FN:80,(anonymous_16)
FN:84,(anonymous_17)
FN:84,(anonymous_18)
FN:96,(anonymous_19)
FN:96,(anonymous_20)
FN:100,(anonymous_21)
FN:122,(anonymous_22)
FN:122,(anonymous_23)
FN:127,(anonymous_24)
FN:128,(anonymous_25)
FN:137,(anonymous_26)
FN:137,(anonymous_27)
FN:145,(anonymous_28)
FN:145,(anonymous_29)
FN:151,(anonymous_30)
FN:163,(anonymous_31)
FN:186,(anonymous_32)
FN:225,(anonymous_33)
FN:231,(anonymous_34)
FN:245,(anonymous_35)
FN:245,(anonymous_36)
FN:255,(anonymous_37)
FN:256,(anonymous_38)
FN:273,(anonymous_39)
FN:293,(anonymous_40)
FNF:33
FNH:9
FNDA:6,EmployeeList
FNDA:2,(anonymous_9)
FNDA:2,(anonymous_10)
FNDA:2,(anonymous_11)
FNDA:4,(anonymous_12)
FNDA:0,(anonymous_13)
FNDA:3,(anonymous_14)
FNDA:4,(anonymous_15)
FNDA:0,(anonymous_16)
FNDA:0,(anonymous_17)
FNDA:0,(anonymous_18)
FNDA:0,(anonymous_19)
FNDA:0,(anonymous_20)
FNDA:0,(anonymous_21)
FNDA:0,(anonymous_22)
FNDA:0,(anonymous_23)
FNDA:0,(anonymous_24)
FNDA:0,(anonymous_25)
FNDA:0,(anonymous_26)
FNDA:0,(anonymous_27)
FNDA:0,(anonymous_28)
FNDA:0,(anonymous_29)
FNDA:2,(anonymous_30)
FNDA:0,(anonymous_31)
FNDA:2,(anonymous_32)
FNDA:0,(anonymous_33)
FNDA:0,(anonymous_34)
FNDA:0,(anonymous_35)
FNDA:0,(anonymous_36)
FNDA:0,(anonymous_37)
FNDA:0,(anonymous_38)
FNDA:0,(anonymous_39)
FNDA:0,(anonymous_40)
DA:1,2
DA:2,2
DA:9,2
DA:10,2
DA:12,2
DA:13,2
DA:15,2
DA:16,6
DA:17,6
DA:19,6
DA:20,6
DA:21,6
DA:22,6
DA:24,6
DA:25,6
DA:26,6
DA:27,6
DA:28,6
DA:30,6
DA:31,2
DA:32,2
DA:33,2
DA:34,2
DA:35,2
DA:37,0
DA:39,2
DA:43,6
DA:44,2
DA:47,6
DA:48,4
DA:49,4
DA:51,0
DA:52,0
DA:53,0
DA:54,0
DA:55,0
DA:56,0
DA:57,0
DA:59,0
DA:70,6
DA:71,3
DA:74,6
DA:75,6
DA:76,4
DA:77,4
DA:80,6
DA:81,0
DA:84,6
DA:85,0
DA:86,0
DA:87,0
DA:88,0
DA:90,0
DA:92,0
DA:96,6
DA:97,0
DA:98,0
DA:100,0
DA:101,0
DA:103,0
DA:106,0
DA:111,0
DA:112,0
DA:114,0
DA:118,0
DA:122,6
DA:123,0
DA:124,0
DA:125,0
DA:126,0
DA:127,0
DA:128,0
DA:130,0
DA:131,0
DA:133,0
DA:137,6
DA:138,0
DA:139,0
DA:140,0
DA:142,0
DA:143,0
DA:144,0
DA:145,0
DA:147,0
DA:151,6
DA:152,2
DA:154,6
DA:163,0
DA:186,2
DA:225,0
DA:231,0
DA:245,0
DA:256,0
DA:273,0
DA:293,0
LF:95
LH:45
BRDA:17,0,0,6
BRDA:17,0,1,0
BRDA:17,1,0,6
BRDA:17,1,1,0
BRDA:37,2,0,0
BRDA:37,2,1,0
BRDA:37,3,0,0
BRDA:37,3,1,0
BRDA:37,4,0,0
BRDA:37,4,1,0
BRDA:37,5,0,0
BRDA:37,5,1,0
BRDA:49,6,0,4
BRDA:49,6,1,0
BRDA:52,7,0,0
BRDA:52,7,1,0
BRDA:52,8,0,0
BRDA:52,8,1,0
BRDA:54,9,0,0
BRDA:54,9,1,0
BRDA:54,10,0,0
BRDA:54,10,1,0
BRDA:55,11,0,0
BRDA:55,11,1,0
BRDA:55,12,0,0
BRDA:55,12,1,0
BRDA:56,13,0,0
BRDA:56,13,1,0
BRDA:56,14,0,0
BRDA:56,14,1,0
BRDA:57,15,0,0
BRDA:57,15,1,0
BRDA:57,16,0,0
BRDA:57,16,1,0
BRDA:60,17,0,0
BRDA:60,17,1,0
BRDA:60,17,2,0
BRDA:60,17,3,0
BRDA:60,17,4,0
BRDA:60,17,5,0
BRDA:90,18,0,0
BRDA:90,18,1,0
BRDA:90,19,0,0
BRDA:90,19,1,0
BRDA:90,20,0,0
BRDA:90,20,1,0
BRDA:90,21,0,0
BRDA:90,21,1,0
BRDA:100,22,0,0
BRDA:100,22,1,0
BRDA:100,23,0,0
BRDA:100,23,1,0
BRDA:106,24,0,0
BRDA:106,24,1,0
BRDA:106,25,0,0
BRDA:106,25,1,0
BRDA:106,26,0,0
BRDA:106,26,1,0
BRDA:106,27,0,0
BRDA:106,27,1,0
BRDA:106,28,0,0
BRDA:106,28,1,0
BRDA:106,29,0,0
BRDA:106,29,1,0
BRDA:106,30,0,0
BRDA:106,30,1,0
BRDA:106,31,0,0
BRDA:106,31,1,0
BRDA:107,32,0,0
BRDA:107,32,1,0
BRDA:107,33,0,0
BRDA:107,33,1,0
BRDA:108,34,0,0
BRDA:108,34,1,0
BRDA:108,35,0,0
BRDA:108,35,1,0
BRDA:108,36,0,0
BRDA:108,36,1,0
BRDA:108,37,0,0
BRDA:108,37,1,0
BRDA:111,38,0,0
BRDA:111,38,1,0
BRDA:118,39,0,0
BRDA:118,39,1,0
BRDA:118,40,0,0
BRDA:118,40,1,0
BRDA:118,41,0,0
BRDA:118,41,1,0
BRDA:118,42,0,0
BRDA:118,42,1,0
BRDA:118,43,0,0
BRDA:118,43,1,0
BRDA:118,44,0,0
BRDA:118,44,1,0
BRDA:118,45,0,0
BRDA:118,45,1,0
BRDA:118,46,0,0
BRDA:118,46,1,0
BRDA:118,47,0,0
BRDA:118,47,1,0
BRDA:118,48,0,0
BRDA:118,48,1,0
BRDA:118,49,0,0
BRDA:118,49,1,0
BRDA:118,50,0,0
BRDA:118,50,1,0
BRDA:123,51,0,0
BRDA:123,51,1,0
BRDA:123,52,0,0
BRDA:123,52,1,0
BRDA:123,53,0,0
BRDA:123,53,1,0
BRDA:126,54,0,0
BRDA:126,54,1,0
BRDA:126,55,0,0
BRDA:126,55,1,0
BRDA:128,56,0,0
BRDA:128,56,1,0
BRDA:133,57,0,0
BRDA:133,57,1,0
BRDA:133,58,0,0
BRDA:133,58,1,0
BRDA:133,59,0,0
BRDA:133,59,1,0
BRDA:133,60,0,0
BRDA:133,60,1,0
BRDA:133,61,0,0
BRDA:133,61,1,0
BRDA:133,62,0,0
BRDA:133,62,1,0
BRDA:133,63,0,0
BRDA:133,63,1,0
BRDA:133,64,0,0
BRDA:133,64,1,0
BRDA:133,65,0,0
BRDA:133,65,1,0
BRDA:133,66,0,0
BRDA:133,66,1,0
BRDA:133,67,0,0
BRDA:133,67,1,0
BRDA:133,68,0,0
BRDA:133,68,1,0
BRDA:138,69,0,0
BRDA:138,69,1,0
BRDA:142,70,0,0
BRDA:142,70,1,0
BRDA:147,71,0,0
BRDA:147,71,1,0
BRDA:147,72,0,0
BRDA:147,72,1,0
BRDA:147,73,0,0
BRDA:147,73,1,0
BRDA:147,74,0,0
BRDA:147,74,1,0
BRDA:147,75,0,0
BRDA:147,75,1,0
BRDA:147,76,0,0
BRDA:147,76,1,0
BRDA:147,77,0,0
BRDA:147,77,1,0
BRDA:147,78,0,0
BRDA:147,78,1,0
BRDA:147,79,0,0
BRDA:147,79,1,0
BRDA:147,80,0,0
BRDA:147,80,1,0
BRDA:147,81,0,0
BRDA:147,81,1,0
BRDA:147,82,0,0
BRDA:147,82,1,0
BRDA:152,83,0,2
BRDA:152,83,1,0
BRDA:152,84,0,0
BRDA:152,84,1,2
BRDA:152,85,0,2
BRDA:152,85,1,2
BRDA:168,86,0,6
BRDA:168,86,1,0
BRDA:170,87,0,0
BRDA:170,87,1,0
BRDA:176,88,0,2
BRDA:176,88,1,4
BRDA:178,89,0,0
BRDA:178,89,1,4
BRDA:182,90,0,3
BRDA:182,90,1,1
BRDA:195,91,0,2
BRDA:195,91,1,0
BRDA:195,92,0,2
BRDA:195,92,1,2
BRDA:203,93,0,2
BRDA:203,93,1,0
BRDA:203,94,0,2
BRDA:203,94,1,2
BRDA:207,95,0,0
BRDA:207,95,1,2
BRDA:207,96,0,2
BRDA:207,96,1,2
BRDA:212,97,0,2
BRDA:212,97,1,0
BRDA:212,98,0,2
BRDA:212,98,1,2
BRDA:217,99,0,0
BRDA:217,99,1,2
BRDA:217,100,0,2
BRDA:217,100,1,0
BRDA:221,101,0,2
BRDA:221,101,1,0
BRDA:241,102,0,4
BRDA:241,102,1,0
BRDA:267,103,0,6
BRDA:267,103,1,0
BRDA:280,104,0,6
BRDA:280,104,1,0
BRDA:286,105,0,6
BRDA:286,105,1,0
BRF:216
BRH:32
end_of_record
